Novak_Djokovic SRB 1 33 11963 18
Daniil_Medvedev RUS 2 25 10030 24
Rafael_Nadal ESP 3 34 9670 17
Dominic_Thiem AUT 4 27 8660 23
Stefanos_Tsitsipas GRE 5 22 7040 29
Alexander_Zverev GER 6 23 6125 28
Roger_Federer SUI 7 39 5875 17
Andrey_Rublev RUS 8 23 5400 27
Diego_Schwartzman ARG 9 28 3720 27
Matteo_Berrettini ITA 10 24 3453 23
Roberto_Bautista_Agut ESP 11 32 3090 27
Pablo_Carreno_Busta ESP 12 29 2835 28
Denis_Shapovalov CAN 13 21 2820 32
Gael_Monfils FRA 14 34 2770 23
David_Goffin BEL 15 30 2750 31
Hubert_Hurkacz POL 16 24 2600 33
Grigor_Dimitrov BUL 17 29 2598 26
Fabio_Fognini ITA 18 33 2548 28
Milos_Raonic CAN 19 30 2495 23
Stan_Wawrinka SUI 20 36 2380 24
Felix_Auger-Aliassime CAN 21 20 2373 32
Jannik_Sinner ITA 22 19 2369 34
Karen_Khachanov RUS 23 24 2280 30
Cristian_Garin CHI 24 24 2260 31
Alex_de_Minaur AUS 25 22 2235 27
Borna_Coric CRO 26 24 1970 26
Casper_Ruud NOR 27 22 1927 32
Lorenzo_Sonego ITA 28 25 1919 37
Aslan_Karatsev RUS 29 27 1918 39
Taylor_Fritz USA 30 23 1900 39
Dusan_Lajovic SRB 31 30 1895 35
Ugo_Humbert FRA 32 22 1825 38
Daniel_Evans GBR 33 30 1825 35
Adrian_Mannarino FRA 34 32 1681 37
Benoit_Paire FRA 35 31 1680 38
Nikoloz_Basilashvili GEO 36 29 1645 31
Filip_Krajinovic SRB 37 29 1616 26
John_Isner USA 38 35 1550 21
Kei_Nishikori JPN 39 31 1548 19
Marton_Fucsovics HUN 40 29 1497 31
Jan-Lennard_Struff GER 41 30 1485 34
Alexander_Bublik KAZ 42 23 1462 36
Marin_Cilic CRO 43 32 1453 28
John_Millman AUS 44 31 1436 40
Reilly_Opelka USA 45 23 1427 28
Albert_Ramos-Vinolas ESP 46 33 1405 38
Miomir_Kecmanovic SRB 47 21 1364 35
Guido_Pella ARG 48 30 1298 27
Laslo_Djere SRB 49 25 1258 31
Richard_Gasquet FRA 50 34 1185 27
Lloyd_Harris RSA 51 24 1182 29
Cameron_Norrie GBR 52 25 1175 34
Jeremy_Chardy FRA 53 34 1168 29
Tommy_Paul USA 54 23 1155 33
Aljaz_Bedene SLO 55 31 1150 26
Dominik_Koepfer GER 56 26 1146 31
Nick_Kyrgios AUS 57 25 1140 19
Alejandro_Davidovich_Fokina ESP 58 21 1135 36
Tennys_Sandgren USA 59 29 1081 31
Yoshihito_Nishioka JPN 60 25 1062 29
Feliciano_Lopez ESP 61 39 1062 27
Sebastian_Korda USA 62 20 1041 34
Jordan_Thompson AUS 63 26 1037 29
Vasek_Pospisil CAN 64 30 1036 25
Frances_Tiafoe USA 65 23 1030 36
Sam_Querrey USA 66 33 1028 18
Stefano_Travaglia ITA 67 29 1024 42
Gilles_Simon FRA 68 36 1002 35
Kyle_Edmund GBR 69 26 995 27
Pierre-Hugues_Herbert FRA 70 30 987 35
Fernando_Verdasco ESP 71 37 985 29
Jo-Wilfried_Tsonga FRA 72 35 980 25
Jiri_Vesely CZE 73 27 971 40
Emil_Ruusuvuori FIN 74 22 959 39
Pablo_Cuevas URU 75 35 959 29
Corentin_Moutet FRA 76 21 949 31
Thiago_Monteiro BRA 77 26 948 40
Egor_Gerasimov BLR 78 28 946 32
Radu_Albot MDA 79 31 940 37
Pablo_Andujar ESP 80 35 935 36
Jaume_Munar ESP 81 23 920 44
Soonwoo_Kwon KOR 82 23 910 35
Alexei_Popyrin AUS 83 21 906 36
Lorenzo_Musetti ITA 84 19 899 48
Steve_Johnson USA 85 31 895 30
Lucas_Pouille FRA 86 27 894 28
Federico_Delbonis ARG 87 30 884 33
Ricardas_Berankis LTU 88 30 883 25
Salvatore_Caruso ITA 89 28 876 40
Federico_Coria ARG 90 29 875 46
Marcos_Giron USA 91 27 864 35
Marco_Cecchinato ITA 92 28 836 40
Norbert_Gombos SVK 93 30 829 37
Juan_Ignacio_Londero ARG 94 27 822 29
Mikael_Ymer SWE 95 22 815 24
Andreas_Seppi ITA 96 37 814 35
Gianluca_Mager ITA 97 26 813 41
James_Duckworth AUS 98 29 806 37
Yannick_Hanfmann GER 99 29 804 37
Pedro_Martinez ESP 100 23 787 38
Mikhail_Kukushkin KAZ 101 33 784 33
Attila_Balazs HUN 102 32 784 27
Facundo_Bagnis ARG 103 31 773 41
Andrej_Martin SVK 104 31 768 40
Roberto_Carballes_Baena ESP 105 28 761 43
Joao_Sousa POR 106 32 757 36
Kevin_Anderson RSA 107 34 755 18
Yasutaka_Uchiyama JPN 108 28 735 33
Yuichi_Sugita JPN 109 32 731 39
Dennis_Novak AUT 110 27 723 31
Ilya_Ivashka BLR 111 27 713 29
Pedro_Sousa POR 112 32 711 41
Philipp_Kohlschreiber GER 113 37 710 25
Daniel_Elahi_Galan COL 114 24 688 40
Francisco_Cerundolo ARG 115 22 686 41
Gregoire_Barrere FRA 116 27 662 30
Kamil_Majchrzak POL 117 25 650 33
Carlos_Alcaraz ESP 118 17 645 26
Mackenzie_McDonald USA 119 25 641 26
Andy_Murray GBR 120 33 640 13
Taro_Daniel JPN 121 28 630 41
Hugo_Dellien BOL 122 27 629 33
Thiago_Seyboth_Wild BRA 123 21 629 38
Denis_Kudla USA 124 28 623 35
Christopher_O'Connell AUS 125 26 619 42
Benjamin_Bonzi FRA 126 24 618 41
Damir_Dzumhur BIH 127 28 607 36
Jozef_Kovalik SVK 128 28 605 38
Arthur_Rinderknech FRA 129 25 593 46
Peter_Gojowczyk GER 130 31 576 33
Evgeny_Donskoy RUS 131 30 576 36
Antoine_Hoang FRA 132 25 570 43
Nikola_Milojevic SRB 133 25 563 35
Cedrik-Marcel_Stebe GER 134 30 556 30
Sumit_Nagal IND 135 23 548 34
Federico_Gaio ITA 136 29 534 53
Tomas_Machac CZE 137 20 533 35
Prajnesh_Gunneswaran IND 138 31 533 35
Jurij_Rodionov AUT 139 21 531 45
Carlos_Taberner ESP 140 23 527 36
Henri_Laaksonen SUI 141 29 525 39
Brandon_Nakashima USA 142 19 525 26
Tallon_Griekspoor NED 143 24 518 32
Daniel_Altmaier GER 144 22 516 46
J.J._Wolf USA 145 22 512 23
Bernabe_Zapata_Miralles ESP 146 24 510 43
Blaz_Rola SLO 147 30 509 42
Liam_Broady GBR 148 27 501 40
Marc_Polmans AUS 149 23 498 38
Marc-Andrea_Huesler SUI 150 24 498 42
Jason_Jung TPE 151 31 488 35
Go_Soeda JPN 152 36 488 27
Botic_Van_de_Zandschulp NED 153 25 482 37
Paolo_Lorenzi ITA 154 39 475 41
Oscar_Otte GER 155 27 473 38
Leonardo_Mayer ARG 156 33 470 26
Maxime_Cressy USA 157 23 470 37
Danilo_Petrovic SRB 158 29 470 35
Sebastian_Ofner AUT 159 24 469 42
Hugo_Gaston FRA 160 20 465 35
Juan_Pablo_Varillas PER 161 25 463 40
Martin_Klizan SVK 162 31 453 34
Alejandro_Tabilo CHI 163 23 450 40
Illya_Marchenko UKR 164 33 444 37
Mohamed_Safwat EGY 165 30 442 47
Alessandro_Giannessi ITA 166 30 437 36
Bradley_Klahn USA 167 30 425 28
Lorenzo_Giustino ITA 168 29 419 51
Roman_Safiullin RUS 169 23 418 40
Ivo_Karlovic CRO 170 42 417 21
Thomas_Fabbiano ITA 171 31 416 29
Juan_Martin_del_Potro ARG 172 32 415 12
Frederico_Ferreira_Silva POR 173 26 415 38
Juan_Manuel_Cerundolo ARG 174 19 408 42
Kimmer_Coppejans BEL 175 27 406 41
Steven_Diez CAN 176 30 406 42
Filip_Horansky SVK 177 28 406 42
Mario_Vilella_Martinez ESP 178 25 400 40
Zhizhen_Zhang CHN 179 24 396 24
Dmitry_Popko KAZ 180 24 396 49
Michael_Mmoh USA 181 23 393 26
Hyeon_Chung KOR 182 24 391 13
Emilio_Gomez ECU 183 29 388 42
Ernesto_Escobedo USA 184 24 383 32
Lukas_Rosol CZE 185 35 383 38
Alex_Bolt AUS 186 28 380 25
Enzo_Couacaud FRA 187 26 380 39
Ernests_Gulbis LAT 188 32 379 30
Joao_Domingues POR 189 27 371 34
Roberto_Marcora ITA 190 31 366 46
Mikael_Torpegaard DEN 191 26 363 31
Robin_Haase NED 192 34 358 33
Alexandre_Muller FRA 193 24 358 40
Viktor_Troicki SRB 194 35 357 29
Yannick_Maden GER 195 31 356 41
Ruben_Bemelmans BEL 196 33 353 31
Joao_Menezes BRA 197 24 353 41
Denis_Istomin UZB 198 34 348 36
Ramkumar_Ramanathan IND 199 26 348 47
Aleksandar_Vukic AUS 200 25 345 40
Jay_Clarke GBR 201 22 342 33
Mitchell_Krueger USA 202 27 340 36
Lukas_Lacko SVK 203 33 339 32
Andrea_Collarini ARG 204 29 339 40
Marcel_Granollers ESP 205 35 336 16
Guido_Andreozzi ARG 206 29 333 20
Elias_Ymer SWE 207 25 332 32
Sergiy_Stakhovsky UKR 208 35 330 38
Tatsuma_Ito JPN 209 32 330 25
Quentin_Halys FRA 210 24 330 40
Daniel_Masur GER 211 26 330 45
Kacper_Zuk POL 212 22 329 39
Cem_Ilkel TUR 213 25 324 41
Maximilian_Marterer GER 214 25 322 27
Blaz_Kavcic SLO 215 34 318 27
Bernard_Tomic AUS 216 28 315 25
Mathias_Bourgue FRA 217 27 315 29
Sebastian_Baez ARG 218 20 313 41
Thanasi_Kokkinakis AUS 219 25 311 12
Juan_Pablo_Ficovich ARG 220 24 311 43
Bjorn_Fratangelo USA 221 27 310 25
Maxime_Janvier FRA 222 24 307 45
Brayden_Schnur CAN 223 25 302 39
Constant_Lestienne FRA 224 28 301 37
Zdenek_Kolar CZE 225 24 300 50
Marius_Copil ROU 226 30 298 26
Thai-Son_Kwiatkowski USA 227 26 293 26
Matthew_Ebden AUS 228 33 292 23
Tommy_Robredo ESP 229 38 289 30
Renzo_Olivo ARG 230 29 287 43
Tomas_Martin_Etcheverry ARG 231 21 284 49
Jenson_Brooksby USA 232 20 281 14
Christopher_Eubanks USA 233 24 278 33
Borna_Gojo CRO 234 23 278 32
Peter_Polansky CAN 235 32 277 45
Felipe_Meligeni_Rodrigues_Alves BRA 236 23 276 40
Tobias_Kamke GER 237 34 273 30
Marco_Trungelliti ARG 238 31 271 30
Marcelo_Tomas_Barrios_Vera CHI 239 23 270 38
Dimitar_Kuzmanov BUL 240 27 269 32
Gian_Marco_Moroni ITA 241 23 268 39
Matthias_Bachinger GER 242 34 267 28
Elliot_Benchetrit MAR 243 22 263 40
Nicolas_Mahut FRA 244 39 261 11
Rudolf_Molleker GER 245 20 261 31
Andrew_Harris AUS 246 27 260 27
Nicola_Kuhn ESP 247 21 260 34
Roberto_Cid_Subervi DOM 248 27 259 42
Matteo_Viola ITA 249 33 250 43
Tung-Lin_Wu TPE 250 22 248 33
Altug_Celikbilek TUR 251 24 247 37
Ulises_Blanch USA 252 23 247 38
Dudi_Sela ISR 253 36 246 17
Tristan_Lamasine FRA 254 28 244 41
Zhe_Li CHN 255 34 243 27
Guillermo_Garcia-Lopez ESP 256 37 242 29
Jack_Sock USA 257 28 241 14
Hugo_Grenier FRA 258 25 240 51
Teymuraz_Gabashvili RUS 259 35 240 52
Malek_Jaziri TUN 260 37 239 38
Max_Purcell AUS 261 23 238 28
Facundo_Mena ARG 262 28 236 36
Akira_Santillan AUS 263 23 235 36
Yosuke_Watanuki JPN 264 23 234 21
Zizou_Bergs BEL 265 21 234 34
Hiroki_Moriya JPN 266 30 230 38
Lukas_Klein SVK 267 23 229 36
Jason_Kubler AUS 268 27 228 16
Pavel_Kotov RUS 269 22 227 41
Alexey_Vatutin RUS 270 28 226 39
Mats_Moraing GER 271 28 226 30
Julian_Lenz GER 272 28 224 41
Roberto_Quiroz ECU 273 29 222 42
Andrea_Arnaboldi ITA 274 33 220 42
Alex_Molcan SVK 275 23 219 41
Filippo_Baldi ITA 276 25 215 33
Mischa_Zverev GER 277 33 214 28
Yan_Bai CHN 278 31 213 25
Noah_Rubin USA 279 25 211 21
Adrian_Menendez-Maceiras ESP 280 35 209 34
Chun-hsin_Tseng TPE 281 19 205 34
Evgeny_Karlovskiy RUS 282 26 205 43
Guilherme_Clezar BRA 283 28 204 39
Ji_Sung_Nam KOR 284 27 201 28
Pedja_Krstin SRB 285 26 201 40
Steve_Darcis BEL 286 37 196 18
Mirza_Basic BIH 287 29 196 27
Goncalo_Oliveira POR 288 26 196 53
Vit_Kopriva CZE 289 23 195 49
Andrea_Pellegrino ITA 290 24 194 44
Lucas_Miedler AUT 291 24 194 47
Riccardo_Bonadio ITA 292 27 194 51
Carlos_Gimeno_Valero ESP 293 19 191 21
Pedro_Cachin ARG 294 26 188 43
Dustin_Brown GER 295 36 187 23
Duckhee_Lee KOR 296 22 187 31
Evgenii_Tiurnev RUS 297 24 184 36
Jiri_Lehecka CZE 298 19 183 30
Roberto_Ortega-Olmedo ESP 299 29 181 51
Darian_King BAR 300 28 176 19
Pedro_Sakamoto BRA 301 27 176 44
Geoffrey_Blancaneaux FRA 302 22 175 45
Nino_Serdarusic CRO 303 24 175 49
Igor_Sijsling NED 304 33 173 31
Thomaz_Bellucci BRA 305 33 173 32
Duje_Ajdukovic CRO 306 20 173 33
Janko_Tipsarevic SRB 307 36 172 12
Gastao_Elias POR 308 30 171 25
James_Ward GBR 309 34 170 26
Shuichi_Sekiguchi JPN 310 29 170 32
John-Patrick_Smith AUS 311 32 166 21
Tim_Van_Rijthoven NED 312 23 166 32
Jonas_Forejtek CZE 313 20 165 33
Michael_Vrbensky CZE 314 21 163 42
Kevin_King USA 315 30 161 32
Giulio_Zeppieri ITA 316 19 161 34
Alexander_Ritschard USA 317 27 161 36
JC_Aragone USA 318 25 161 39
Sasikumar_Mukund IND 319 24 160 39
Vitaliy_Sachko UKR 320 23 160 40
Jack_Draper GBR 321 19 159 29
Holger_Vitus_Nodskov_Rune DEN 322 17 159 36
Jesper_De_Jong NED 323 20 159 37
Manuel_Guinard FRA 324 25 159 49
Stefano_Napolitano ITA 325 26 153 34
Viktor_Galovic CRO 326 30 153 43
Christian_Harrison USA 327 26 152 9
Johannes_Haerteis GER 328 25 152 32
Orlando_Luz BRA 329 23 152 39
Andrea_Vavassori ITA 330 25 148 28
Evan_Furness FRA 331 22 148 45
Nuno_Borges POR 332 24 147 22
Kaichi_Uchida JPN 333 26 146 45
Corentin_Denolly FRA 334 23 146 46
Camilo_Ugo_Carabelli ARG 335 21 142 43
Javier_Barranco_Cosano ESP 336 22 142 49
Nerman_Fatic BIH 337 26 141 27
Christian_Lindell SWE 338 29 139 39
Khumoyun_Sultanov UZB 339 22 138 35
Uladzimir_Ignatik BLR 340 30 138 41
Di_Wu CHN 341 29 137 18
Julian_Ocleppo ITA 342 23 136 34
Harry_Bourchier AUS 343 25 135 35
Nikolas_Sanchez_Izquierdo ESP 344 22 135 47
Agustin_Velotti ARG 345 28 133 35
Matija_Pecotic CRO 346 31 132 25
Donald_Young USA 347 31 132 27
Carlos_Gomez-Herrera ESP 348 30 132 35
Aleksandr_Nedovyesov KAZ 349 34 131 26
Markus_Eriksson SWE 350 31 130 39
Jelle_Sels NED 351 25 130 40
Nicolas_Alvarez PER 352 24 129 35
Raul_Brancaccio ITA 353 23 129 50
Oriol_Roca_Batalla ESP 354 27 128 39
Viktor_Durasovic NOR 355 24 128 41
Nick_Chappell USA 356 28 128 44
Yuta_Shimizu JPN 357 21 127 28
Alessandro_Bega ITA 358 30 127 44
Michael_Geerts BEL 359 26 126 32
Aziz_Dougaz TUN 360 24 126 44
Stefan_Kozlov USA 361 23 125 24
Shintaro_Imai JPN 362 27 125 31
Ivan_Nedelko RUS 363 34 125 48
Konstantin_Kravchuk RUS 364 36 124 28
Jeremy_Jahn GER 365 31 123 18
Vladyslav_Orlov UKR 366 25 123 41
Vaclav_Safranek CZE 367 26 123 44
Jan_Choinski GBR 368 24 122 27
Jan_Satral CZE 369 30 122 31
Petros_Chrysochos CYP 370 25 121 23
Jose_Hernandez-Fernandez DOM 371 31 121 28
Michael_Redlicki USA 372 27 121 30
Sekou_Bangoura USA 373 29 121 34
Benjamin_Hassan GER 374 26 120 22
Filip_Cristian_Jianu ROU 375 19 120 43
Santiago_Giraldo COL 376 33 119 14
Adrian_Andreev BUL 377 19 119 27
Ryan_Peniston GBR 378 25 119 41
Skander_Mansouri TUN 379 25 119 49
Maxime_Hamou FRA 380 25 119 49
Yu_Hsiou_Hsu TPE 381 22 117 31
Arthur_De_Greef BEL 382 29 116 22
Peter_Torebko GER 383 33 116 28
Jules_Okala FRA 384 23 115 33
Facundo_Arguello ARG 385 28 114 22
Dayne_Kelly AUS 386 30 114 25
Filip_Peliwo CAN 387 27 114 30
Lucas_Catarina MON 388 24 113 45
Denis_Yevseyev KAZ 389 27 113 51
Tsung-Hua_Yang TPE 390 30 112 31
Pablo_Vivero_Gonzalez ESP 391 25 112 36
Antoine_Escoffier FRA 392 29 111 39
Yunseong_Chung KOR 393 23 110 29
Thiago_Agustin_Tirante ARG 394 20 110 31
Edan_Leshem ISR 395 24 110 41
Dan_Added FRA 396 21 109 45
Hernan_Casanova ARG 397 27 108 34
Ergi_Kirkin TUR 398 22 107 30
Luke_Saville AUS 399 27 106 27
Eduard_Esteve_Lobato ESP 400 26 106 30
Facundo_Diaz_Acosta ARG 401 20 106 35
Sandro_Ehrat SUI 402 29 106 35
Gonzalo_Villanueva ARG 403 26 105 37
Artem_Dubrivnyy RUS 404 22 105 40
Jeroen_Vanneste BEL 405 27 104 25
Rayane_Roumane FRA 406 20 104 32
Alexey_Zakharov RUS 407 20 104 35
Matteo_Martineau FRA 408 22 104 46
Daniel_Nguyen USA 409 30 103 12
Diego_Hidalgo ECU 410 27 103 33
Sebastian_Fanselow GER 411 29 103 38
Sadio_Doumbia FRA 412 30 103 40
Baptiste_Crepatte FRA 413 26 103 46
Karim-Mohamed_Maamoun EGY 414 30 102 32
Miljan_Zekic SRB 415 32 102 36
Laurent_Lokoli FRA 416 26 101 26
Alen_Avidzba RUS 417 21 101 37
Collin_Altamirano USA 418 25 100 31
Tobias_Simon GER 419 29 100 50
Fabrizio_Ornago ITA 420 28 100 54
Fajing_Sun CHN 421 24 99 20
Raymond_Sarmiento USA 422 28 98 17
Oscar_Jose_Gutierrez BRA 423 27 98 38
Christopher_Heyman BEL 424 27 98 38
Dominic_Stephan_Stricker SUI 425 18 97 9
Peter_Heller GER 426 28 96 39
Alexander_Erler AUT 427 23 96 43
Francesco_Forti ITA 428 21 95 38
Genaro_Alberto_Olivieri ARG 429 22 95 47
Rio_Noguchi JPN 430 22 95 49
Aleksandar_Kovacevic USA 431 22 94 17
Lucas_Poullain FRA 432 25 94 26
Adam_Pavlasek CZE 433 26 94 27
Timofey_Skatov KAZ 434 20 94 49
Yshai_Oliel ISR 435 21 93 34
Bogdan_Bobrov RUS 436 23 93 45
Marek_Gengel CZE 437 25 93 47
Zsombor_Piros HUN 438 21 92 23
Luca_Vanni ITA 439 35 92 23
Gianluigi_Quinzi ITA 440 25 92 28
Alejandro_Gonzalez COL 441 32 92 31
Ronald_Slobodchikov RUS 442 27 92 33
Gijs_Brouwer NED 443 25 92 34
Maxime_Chazal FRA 444 27 91 26
Martins_Podzus LAT 445 26 90 26
Daniel_Michalski POL 446 21 90 37
Laurynas_Grigelis LTU 447 29 89 22
Harold_Mayot FRA 448 19 88 17
Saketh_Myneni IND 449 33 88 18
Eduardo_Struvay COL 450 30 88 22
Alexander_Sarkissian USA 451 31 88 23
Alex_Rybakov USA 452 24 87 28
Evan_King USA 453 29 87 31
Benjamin_Lock ZIM 454 28 87 40
Antoine_Cornut-Chauvinc FRA 455 20 87 49
Gonzalo_Escobar ECU 456 32 86 22
Patrik_Niklas-Salminen FIN 457 24 86 33
Makoto_Ochi JPN 458 24 86 36
Marko_Tepavac SRB 459 27 85 21
Liam_Caruana ITA 460 23 85 22
Elmar_Ejupovic GER 461 28 85 26
Renta_Tokuda JPN 462 23 85 27
Brydan_Klein GBR 463 31 85 28
Yusuke_Takahashi JPN 464 23 85 35
Michail_Pervolarakis GRE 465 24 85 36
Nicolas_Mejia COL 466 21 85 43
David_Poljak CZE 467 24 84 43
Alexis_Galarneau CAN 468 22 83 12
Manuel_Pena_Lopez ARG 469 23 83 37
Enrico_Dalla_Valle ITA 470 23 83 40
Marcelo_Arevalo ESA 471 30 82 15
Louis_Wessels GER 472 22 82 27
Giovanni_Fonio ITA 473 22 81 37
Lucas_Gerch GER 474 26 81 42
Yannick_Mertens BEL 475 33 80 32
Emilio_Nava USA 476 19 79 25
Daniel_Gimeno-Traver ESP 477 35 79 23
Bruno_Santanna BRA 478 27 79 27
Ricardo_Ojeda_Lara ESP 479 28 79 30
Sidharth_Rawat IND 480 27 79 42
Andrey_Kuznetsov RUS 481 30 78 8
Rogerio_Dutra_Silva BRA 482 37 78 11
Matthieu_Perchicot FRA 483 28 78 43
Kyrian_Jacquet FRA 484 19 77 32
Johan_Nikles SUI 485 24 77 34
David_Pichler AUT 486 25 77 46
Paul_Jubb GBR 487 21 76 20
Sho_Shimabukuro JPN 488 23 76 21
Martin_Cuevas URU 489 29 76 30
Georgii_Kravchenko UKR 490 20 76 35
Vladyslav_Manafov UKR 491 27 76 41
Pol_Martin_Tiffon ESP 492 21 76 41
Calvin_Hemery FRA 493 26 75 18
Cristian_Rodriguez COL 494 30 75 26
Blake_Mott AUS 495 24 74 10
Gage_Brymer USA 496 26 74 36
Aldin_Setkic BIH 497 33 74 42
Hugo_Nys MON 498 30 73 8
Thomas_Laurent FRA 499 23 73 18
Danylo_Kalenichenko UKR 500 27 73 30
Pavel_Nejedly CZE 501 28 73 31
Fabian_Marozsan HUN 502 21 73 32
Riccardo_Balzerani ITA 503 22 73 35
Ivan_Gakhov RUS 504 24 73 38
Strong_Kirchheimer USA 505 25 73 39
Ze_Zhang CHN 506 30 71 17
Alexandru_Jecan ROU 507 32 71 37
Johan_Tatlot FRA 508 25 70 23
Lloyd_Glasspool GBR 509 27 69 24
Sanjar_Fayziev UZB 510 26 69 25
Marko_Miladinovic SRB 511 20 69 30
Jerzy_Janowicz POL 512 30 68 3
Oliver_Crawford USA 513 21 68 19
Rafael_Matos BRA 514 25 68 31
Antoine_Bellier SUI 515 24 68 34
Mateus_Alves BRA 516 20 68 38
Felix_Corwin USA 517 24 68 42
Adam_Moundir MAR 518 25 67 24
Quentin_Robert FRA 519 26 67 37
Inigo_Cervantes ESP 520 31 66 23
Maximiliano_Estevez ARG 521 31 66 29
Nick_Hardt DOM 522 20 66 36
Pol_Toledo_Bague ESP 523 26 66 43
Tiago_Cacao POR 524 23 66 43
Shintaro_Mochizuki JPN 525 17 65 28
Tim_Smyczek USA 526 33 65 6
Evan_Hoyt GBR 527 26 65 26
Jacopo_Berrettini ITA 528 22 65 39
Andres_Artunedo_Martinavarro ESP 529 27 64 15
Seong-chan_Hong KOR 530 23 64 17
Fred_Gil POR 531 36 64 23
Evan_Song USA 532 28 64 29
Oleksii_Krutykh UKR 533 21 64 36
Santiago_Fa_Rodriguez_Taverna ARG 534 21 63 22
Nicholas_David_Ionel ROU 535 18 63 29
Martin_Redlicki USA 536 25 63 32
Jordi_Arconada USA 537 24 63 32
Gabriel_Petit FRA 538 25 63 35
Matias_Zukas ARG 539 24 63 43
Aidan_McHugh GBR 540 20 63 43
Gauthier_Onclin BEL 541 0 62 27
Jorge_Panta PER 542 25 62 33
Alexis_Gautier FRA 543 24 62 37
Marco_Bortolotti ITA 544 30 62 38
Alvaro_Lopez_San_Martin ESP 545 23 61 26
Roy_Smith USA 546 22 61 30
Jacob_Grills AUS 547 25 61 32
Mariano_Kestelboim ARG 548 25 61 32
Wilson_Leite BRA 549 29 61 41
Otto_Virtanen FIN 550 19 60 16
Carlos_Boluda-Purkiss ESP 551 28 60 35
Ricardo_Rodriguez_-_Pace VEN 552 27 60 41
Alexandar_Lazarov BUL 553 23 59 39
Simon_Carr IRL 554 21 59 40
Nicolas_Alvarez_Varona ESP 555 19 58 23
Alejandro_Gomez COL 556 29 58 27
Maverick_Banes AUS 557 29 58 27
Alexander_Shevchenko RUS 558 20 58 30
Alexander_Zhurbin RUS 559 29 58 38
Franco_Agamenone ITA 560 27 57 18
Jordan_Correia BRA 561 23 57 28
Mick_Veldheer NED 562 25 57 38
Mats_Rosenkranz GER 563 22 57 52
Matias_Franco_Descotte ARG 564 26 56 33
Michal_Dembek POL 565 23 56 35
Joao_Lucas_Reis_Da_Silva BRA 566 21 56 37
Bastian_Malla CHI 567 24 55 28
Clement_Tabur FRA 568 21 55 35
Simone_Bolelli ITA 569 35 54 4
Tak_Khunn_Wang FRA 570 29 54 23
Stuart_Parker GBR 571 23 54 25
Jonathan_Mridha SWE 572 26 54 30
Nicolas_Moreno_De_Alboran USA 573 23 54 30
Facundo_Juarez ARG 574 23 54 33
Ryan_Harrison USA 575 28 53 9
Carlos_Sanchez_Jover ESP 576 20 53 37
Anton_Matusevich GBR 577 19 52 20
Matheus_Pucinelli_De_Almeida BRA 578 20 52 21
Gonzalo_Lama CHI 579 27 52 22
Daniel_Dutra_da_Silva BRA 580 32 52 24
Jaume_Pla_Malfeito ESP 581 25 52 31
Erik_Crepaldi ITA 582 30 52 35
Juan_Pablo_Paz ARG 583 26 52 36
Takanyi_Garanganga ZIM 584 30 51 21
Peter_Nagy HUN 585 29 51 25
Jumpei_Yamasaki JPN 586 23 51 28
Eric_Vanshelboim UKR 587 19 51 29
Gerardo_Lopez_Villasenor MEX 588 25 51 30
Arnaud_Bovy BEL 589 20 51 37
Brandon_Holt USA 590 23 50 15
Thomas_Fancutt AUS 591 26 50 29
Christian_Langmo USA 592 24 50 38
Fermin_Tenti ARG 593 23 50 45
Mate_Valkusz HUN 594 22 49 19
Aleksandre_Metreveli GEO 595 27 49 23
Federico_Zeballos BOL 596 32 49 30
Dane_Sweeny AUS 597 20 48 19
Juan_Ignacio_Galarza ARG 598 27 48 23
Vasil_Kirkov USA 599 22 48 32
Arthur_Reymond FRA 600 22 48 33
Adam_El_Mihdawy USA 601 31 48 33
Jose_Fco._Vidal_Azorin ESP 602 27 48 49
Jonathan_Eysseric FRA 603 30 47 21
Dragos_Nicolae_Madaras ROU 604 23 47 24
Marvin_Netuschil GER 605 29 47 27
Ben_Patael ISR 606 23 47 29
Alexander_Donski BUL 607 22 47 31
Daniele_Capecchi ITA 608 25 47 32
Tomas_Lipovsek_Puches SLO 609 27 47 32
Kenny_De_Schepper FRA 610 33 47 33
Mauricio_Echazu PER 611 32 47 33
Marsel_Ilhan TUR 612 33 47 38
Marvin_Moeller GER 613 22 46 9
Tom_Jomby FRA 614 30 46 20
Zane_Khan USA 615 19 46 22
Gilbert_Klier_Junior BRA 616 20 46 24
Imanol_Lopez_Morillo ESP 617 21 46 30
Nicolas_Alberto_Arreche ARG 618 26 46 32
Dusty_H._Boyer USA 619 27 45 31
Kai_Wehnelt GER 620 25 45 31
Jurgen_Zopp EST 621 33 44 14
Andrea_Basso ITA 622 27 44 23
Maximilian_Neuchrist AUT 623 29 44 27
Pedro_Vives_Marcos ESP 624 19 44 33
Evan_Zhu USA 625 22 44 34
Harri_Heliovaara FIN 626 31 43 15
Gleb_Sakharov FRA 627 32 43 17
Takuto_Niki JPN 628 33 43 28
Sergey_Fomin UZB 629 20 43 29
Nikita_Mashtakov UKR 630 22 43 29
Savriyan_Danilov RUS 631 20 43 31
Jurabek_Karimov UZB 632 22 42 14
Nicolas_Jarry CHI 633 25 42 24
Pietro_Rondoni ITA 634 27 42 24
Naoki_Nakagawa JPN 635 24 42 24
Ryota_Tanuma JPN 636 25 42 31
Manish_Sureshkumar IND 637 21 42 31
Petr_Nouza CZE 638 22 42 32
Jean_Thirouin FRA 639 23 42 45
Nicolas_Kicker ARG 640 28 41 5
Alibek_Kachmazov RUS 641 18 41 22
Mark_Whitehouse GBR 642 27 41 27
Lenny_Hampel AUT 643 24 41 28
Luca_Giacomini ITA 644 23 41 28
Wojciech_Marek POL 645 19 40 22
Emiliano_Maggioli ITA 646 19 40 26
Alexis_Musialek FRA 647 32 40 30
Davide_Galoppini ITA 648 26 40 37
Sam_Riffice USA 649 22 39 7
John_McNally USA 650 22 39 10
Patrik_Rikl CZE 651 22 39 12
Pablo_Llamas_Ruiz ESP 652 18 39 16
Tomislav_Brkic BIH 653 31 39 17
Jie_Cui CHN 654 23 39 18
Jakub_Paul SUI 655 22 39 30
Kristjan_Tamm EST 656 22 39 31
Marat_Deviatiarov UKR 657 26 39 35
Alexander_Weis ITA 658 23 39 36
Benjamin_Sigouin CAN 659 21 38 13
Yecong_He CHN 660 27 38 20
Robin_Stanek CZE 661 26 38 22
Naoki_Tajima JPN 662 20 38 37
Axel_Geller ARG 663 22 37 8
Matthew_Christopher_Romios AUS 664 22 37 25
Robert_Strombachs GER 665 21 37 26
Moez_Echargui TUN 666 28 37 30
Alexander_Igoshin RUS 667 29 37 31
Alex_Marti_Pujolras ESP 668 22 37 31
Clement_Geens BEL 669 25 36 14
Juan_Sebastian_Gomez COL 670 29 36 16
Arthur_Cazaux FRA 671 18 36 18
Ruan_Roelofse RSA 672 31 36 18
Tom_Kocevar-Desman SLO 673 30 36 23
Yan_Bondarevskiy RUS 674 21 36 26
Wishaya_Trongcharoenchaikul THA 675 26 36 26
Yen-Hsun_Lu TPE 676 37 35 4
Yuki_Mochizuki JPN 677 23 35 15
Ryan_Shane USA 678 26 35 16
Simone_Roncalli ITA 679 24 35 36
Kevin_Krawietz GER 680 29 34 6
Jaroslav_Pospisil CZE 681 40 34 17
Kelsey_Stevenson CAN 682 30 34 27
Luke_Johnson GBR 683 27 34 28
Dimitriy_Voronin RUS 684 21 34 31
Ryan_Nijboer NED 685 21 34 33
Colin_Sinclair NMI 686 26 34 34
Arjun_Kadhe IND 687 27 34 35
Lamine_Ouahab MAR 688 36 33 12
Patrick_Kypson USA 689 21 33 13
Quentin_Folliot FRA 690 22 33 21
Fabien_Reboul FRA 691 25 33 23
Dennis_Uspensky USA 692 24 33 27
Andrey_Chepelev RUS 693 22 33 49
Valentin_Royer FRA 694 19 32 15
Luca_Potenza ITA 695 20 32 19
Constantin_Schmitz GER 696 25 32 21
Alexander_Crnokrak AUS 697 21 32 25
Ronan_Joncour FRA 698 24 32 29
Denis_Klok RUS 699 22 32 29
Kento_Takeuchi JPN 700 33 32 32
Antonio_Cayetano_March ECU 701 20 32 35
Francesco_Vilardo ITA 702 31 32 40
Benjamin_Dhoe BEL 703 24 32 42
Alexander_Brown USA 704 21 31 11
Thiemo_de_Bakker NED 705 32 31 14
Billy_Harris GBR 706 26 31 17
Andrew_Paulson CZE 707 19 31 18
Joao_Pedro_Sorgi BRA 708 27 31 21
Adrian_Obert GER 709 26 31 22
Simon_Freund SWE 710 24 31 23
Justin_Butsch USA 711 26 31 24
Michal_Konecny CZE 712 31 31 25
Alejo_Lorenzo_Lingua_Lavallen ARG 713 20 31 25
Filip_Bergevi SWE 714 26 31 28
Vladimir_Ivanov EST 715 34 31 29
Karl_Friberg SWE 716 22 31 30
Artem_Smirnov UKR 717 33 30 10
Gustav_Hansson SWE 718 25 30 11
Omar_Giacalone ITA 719 29 30 14
Scott_Griekspoor NED 720 30 30 14
Nathan_Ponwith USA 721 22 30 15
Luca_Nardi ITA 722 17 30 16
Niels_Lootsma NED 723 26 30 21
Austin_Rapp USA 724 24 30 24
Boris_Pokotilov RUS 725 23 30 25
Kirill_Kivattsev RUS 726 23 30 27
Guido_Ivan_Justo ARG 727 23 30 29
Alexander_Cozbinov MDA 728 25 30 31
Carlos_Lopez_Montagud ESP 729 20 30 32
Benjamin_Pietri FRA 730 24 30 34
Luca_Castelnuovo SUI 731 24 30 34
Nam_Hoang_Ly VIE 732 24 29 14
Runhao_Hua CHN 733 25 29 15
Calum_Puttergill AUS 734 27 29 16
Ivan_Davydov RUS 735 24 29 24
Giorgio_Ricca ITA 736 26 29 25
Jaimee_Floyd_Angele FRA 737 21 29 26
Yanki_Erel TUR 738 20 29 28
Dragos_Dima ROU 739 28 29 29
Benjamin_Winter_Lopez ESP 740 22 29 33
Stefan_Seifert GER 741 36 28 13
Rinky_Hijikata AUS 742 20 28 15
Ezekiel_Clark USA 743 22 28 16
Niki_Kaliyanda_Poonacha IND 744 25 28 17
Titouan_Droguet FRA 745 19 28 17
Martin_Damm USA 746 17 28 19
Juan_Bautista_Torres ARG 747 19 28 20
Shalva_Dzhanashiya RUS 748 28 28 31
Lorenzo_Bocchi ITA 749 23 28 33
Maxime_Tchoutakian FRA 750 27 28 33
Ignacio_Monzon ARG 751 23 28 34
Daniel_Brands GER 752 33 27 6
Keegan_Smith USA 753 22 27 9
Govind_Nanda USA 754 20 27 12
Igor_Marcondes BRA 755 23 27 13
Damien_Wenger SUI 756 21 27 27
Connor_Farren USA 757 26 27 29
Markos_Kalovelonis GRE 758 26 27 29
Sebastian_Prechtel GER 759 24 27 32
Conner_Huertas_del_pino PER 760 25 27 36
Aziz_Ouakaa TUN 761 21 27 48
Tristan_Schoolkate AUS 762 20 26 10
Gregoire_Jacq FRA 763 28 26 10
Peter_Kobelt USA 764 30 26 18
Jonathan_Gray GBR 765 24 26 23
Michel_Vernier CHI 766 28 26 24
Dominik_Boehler GER 767 25 26 25
Toby_Alex_Kodat USA 768 18 26 26
Brandon_Walkin AUS 769 26 26 26
Francisco_Comesana ARG 770 20 26 26
Maxim_Ratniuk RUS 771 24 26 28
Oleg_Prihodko UKR 772 23 26 30
Pawel_Cias POL 773 27 25 15
Nicolae_Frunza ROU 774 23 25 18
Dennis_Novikov USA 775 27 25 20
Remy_Bertola SUI 776 22 25 21
Alec_Adamson USA 777 26 25 24
Leandro_Riedi SUI 778 19 24 11
Hady_Habib LIB 779 22 24 12
Ljubomir_Celebic MNE 780 29 24 15
Guy_Orly_Iradukunda BDI 781 25 24 16
Andrea_Guerrieri ITA 782 22 24 18
Mariano_Navone ARG 783 20 24 19
Nik_Razborsek SLO 784 27 24 19
Giacomo_Dambrosi ITA 785 19 24 20
Bogdan_Ionut_Apostol ROU 786 25 24 23
Simon_Yitbarek SWE 787 20 24 26
Paul_Woerner GER 788 24 24 30
Albert_Alcaraz_Ivorra ESP 789 25 23 7
Jurgen_Briand FRA 790 22 23 8
Laurent_Rochette FRA 791 33 23 10
Ante_Pavic CRO 792 32 23 13
Filip_Misolic AUT 793 19 23 14
Andrey_Golubev KAZ 794 33 23 15
Mehluli_Don_Ayanda_Sibanda ZIM 795 21 23 17
Zachary_Svajda USA 796 18 23 18
Jose_Olivares DOM 797 24 23 18
Dalibor_Svrcina CZE 798 18 23 20
Guy_Den_Heijer NED 799 24 23 21
Alberto_Barroso_Campos ESP 800 24 23 23
Kristian_Lozan RUS 801 22 23 25
Riccardo_Maiga SUI 802 31 23 25
Nicolo_Turchetti ITA 803 24 23 31
Luis_Faria POR 804 21 23 31
Daniel_Cukierman ISR 805 25 22 6
Sergio_Gutierrez-Ferrol ESP 806 32 22 8
Liam_Draxl CAN 807 19 22 11
Kuan-Yi_Lee TPE 808 24 22 14
Gianluca_Di_Nicola ITA 809 25 22 14
Harrison_Adams USA 810 26 22 17
Juan_Bautista_Otegui ARG 811 22 22 18
David_Perez_Sanz ESP 812 26 22 21
David_Jorda_Sanchis ESP 813 26 22 22
Marco_Miceli ITA 814 22 22 23
Federico_Arnaboldi ITA 815 20 22 24
Louis_Tessa FRA 816 23 22 24
Bart_Stevens NED 817 23 22 26
Toshihide_Matsui JPN 818 42 21 7
Alexander_Vasilenko RUS 819 26 21 7
Aziz_Kijametovic BIH 820 24 21 9
Tigre_Hank MEX 821 29 21 9
Henry_Craig USA 822 26 21 12
Justin_Roberts BAH 823 24 21 14
Cezar_Cretu ROU 824 19 21 14
Franco_Emanuel_Egea ARG 825 25 21 15
Joshua_Ortlip USA 826 24 21 16
Nicolas_Barrientos COL 827 33 21 17
Gergely_Madarasz HUN 828 26 21 17
Taisei_Ichikawa JPN 829 20 21 19
Sandro_Kopp AUT 830 20 21 20
Jonas_Trinker AUT 831 25 21 20
George_Loffhagen GBR 832 19 21 20
Federico_Iannaccone ITA 833 22 21 21
Dan_Alexandru_Tomescu ROU 834 22 21 23
Grigoriy_Lomakin KAZ 835 23 21 31
Javier_Marti ESP 836 29 20 4
Flavio_Cobolli ITA 837 18 20 10
Julien_Cagnina BEL 838 26 20 10
Lilian_Marmousez FRA 839 19 20 13
Petr_Michnev CZE 840 31 20 15
Mwendwa_Mbithi USA 841 23 20 15
Soichiro_Moritani JPN 842 26 20 18
Takashi_Saito JPN 843 26 20 19
Kenneth_Raisma EST 844 23 20 20
Gabriele_Maria_Noce ITA 845 25 20 22
Yan_Sabanin RUS 846 31 20 23
Louis_Dussin FRA 847 21 20 23
Ondrej_Krstev CZE 848 23 20 23
Peter_Bothwell IRL 849 25 20 27
Majed_Kilani TUN 850 24 20 28
Max_Houkes NED 851 20 20 29
Alejandro_Mendoza BOL 852 31 20 30
Alessandro_Petrone ITA 853 30 20 31
Ye_Cong_Mo CHN 854 20 19 12
Jan_Zielinski POL 855 24 19 12
Julius_Tverijonas LTU 856 26 19 14
Peter_Bertran DOM 857 25 19 15
Chukang_Wang CHN 858 21 19 16
Calin_Manda ROU 859 23 19 19
Vladimir_Korolev RUS 860 25 19 22
Tomas_Jirousek CZE 861 21 19 23
Yurii_Dzhavakian UKR 862 27 19 24
Chien-hsun_Lo TPE 863 22 19 26
Jules_Marie FRA 864 29 18 2
Matteo_Gigante ITA 865 19 18 8
Nathan_Seateun FRA 866 23 18 11
Oleksandr_Ovcharenko UKR 867 19 18 13
Mattia_Bellucci ITA 868 19 18 18
Anas_Fattar MAR 869 33 18 19
Alessandro_Ingarao ITA 870 21 18 20
Stefano_Battaglino ITA 871 22 18 20
Alexander_Lebedev USA 872 24 18 21
Daniil_Glinka EST 873 20 18 21
Marco_Brugnerotto ITA 874 24 18 22
Luca_Prevosto ITA 875 22 18 28
Aryan_Goveas IND 876 22 18 33
Carl_Soderlund SWE 877 23 17 5
Manuel_Sanchez MEX 878 30 17 5
Bradley_Mousley AUS 879 25 17 8
Martin_Beran SVK 880 25 17 8
Lorenzo_Frigerio ITA 881 32 17 11
Peter_Fajta HUN 882 18 17 12
Sem_Verbeek NED 883 27 17 13
Shinji_Hazawa JPN 884 22 17 13
Paul_Oosterbaan USA 885 25 17 13
Vlad_Andrei_Dancu ROU 886 22 17 14
Joao_Monteiro POR 887 27 17 14
Cheong-Eui_Kim KOR 888 31 17 14
Andrew_Watson GBR 889 24 17 15
Matvey_Khomentovskiy RUS 890 26 17 15
Duje_Kekez CRO 891 28 17 16
Tadeas_Paroulek CZE 892 21 17 18
Sarp_Agabigun TUR 893 23 17 21
David_Volfson CAN 894 23 17 21
Alafia_Ayeni USA 895 21 17 22
Ugo_Blanchet FRA 896 22 17 26
Haru_Inoue JPN 897 24 16 5
Sanhui_Shin KOR 898 24 16 6
Matej_Sabanov CRO 899 28 16 10
Gabriel_Alejandro_Hidalgo ARG 900 30 16 11
Alfredo_Perez USA 901 23 16 13
Kazuki_Nishiwaki JPN 902 26 16 14
Hiroyasu_Ehara JPN 903 29 16 14
Gerard_Granollers ESP 904 32 16 14
Ivan_Liutarevich BLR 905 25 16 19
Tsung-Hao_Huang TPE 906 21 16 19
George_Tsivadze GEO 907 28 16 19
Xin_Gao CHN 908 26 16 20
Toby_Martin GBR 909 28 16 23
Anis_Ghorbel TUN 910 31 16 30
Matias_Soto CHI 911 21 15 6
Justin_Eleveld NED 912 28 15 6
Gengo_Kikuchi JPN 913 29 15 8
Aleksandre_Bakshi GEO 914 23 15 11
Francesco_Passaro ITA 915 20 15 13
Jack_Findel-Hawkins GBR 916 26 15 13
Alexander_Kotzen USA 917 20 15 13
Sora_Fukuda JPN 918 23 15 16
Lukas_Krainer AUT 919 20 15 17
Cengiz_Aksu TUR 920 22 15 17
Gabriel_Donev BUL 921 24 15 18
Christoph_Negritu GER 922 27 15 19
Dostanbek_Tashbulatov KAZ 923 20 15 20
Stefan_Palosi ROU 924 21 15 20
Rhett_Purcell NZL 925 25 15 23
Julian_Bradley IRL 926 28 15 23
Juan_Alejandro_Hernandez MEX 927 21 15 25
Luis_Patiño MEX 928 27 15 26
Mikhail_Fufygin RUS 929 30 15 26
Dominik_Palan CZE 930 20 15 29
Ignacio_Carou URU 931 21 15 33
Matteo_Donati ITA 932 26 14 7
Taha_Baadi CAN 933 19 14 11
Zachary_Eisinga NED 934 21 14 11
Pierre_Faivre FRA 935 25 14 11
Victor_Vlad_Cornea ROU 936 27 14 12
Cannon_Kingsley USA 937 19 14 12
Abhinav_Sanjeev_Shanmugam IND 938 22 14 13
Yaraslav_Shyla BLR 939 28 14 14
Rishab_Agarwal IND 940 25 14 15
Antonio_Massara ITA 941 25 14 16
Hong_Kit_Wong HKG 942 22 14 17
Cheng-Yu_Yu TPE 943 26 14 18
Yuanfeng_Li CHN 944 27 14 18
Matteo_Arnaldi ITA 945 20 14 19
Michiel_De_Krom NED 946 22 14 19
Koray_Kirci TUR 947 22 14 23
Jared_Donaldson USA 948 24 13 1
Daniel_Rodrigues POR 949 21 13 3
Garrett_Johns USA 950 20 13 6
Victor_Estrella_Burgos DOM 951 40 13 6
Ryan_James_Storrie GBR 952 23 13 7
Luciano_Darderi ITA 953 19 13 8
Timo_Stodder GER 954 24 13 8
Sumit_Sarkar USA 955 21 13 8
Jung-Woong_Na KOR 956 28 13 9
Stephane_Robert FRA 957 40 13 11
Christian_Samuelsson SWE 958 25 13 11
Gianni_Mina FRA 959 29 13 11
Milan_Welte GER 960 19 13 13
Jacob_Dunbar USA 961 25 13 13
Roman_Andres_Burruchaga ARG 962 19 13 16
Rimpei_Kawakami JPN 963 20 13 16
Luca_Tomasetto ITA 964 25 13 17
Ajeet_Rai NZL 965 22 13 18
S_D_Prajwal_Dev IND 966 24 13 19
Valentin_Guenther GER 967 23 13 19
Niklas_Guttau GER 968 21 13 20
Matvey_Minin RUS 968 19 13 20
Albano_Olivetti FRA 970 29 13 20
Hugo_Schott FRA 971 24 13 21
Alex_Blumenberg BRA 972 28 13 21
Simon_Anthony_Ivanov BUL 973 20 13 22
Simon_Beaupain BEL 974 21 13 23
Albert_Roglan ESP 975 22 13 23
Pierre_Delage FRA 976 20 13 23
Yanais_Laurent FRA 977 28 13 24
Mikalai_Haliak BLR 978 22 13 24
Timur_Kiyamov RUS 979 24 13 24
Sergi_Perez_Contri ESP 980 23 13 26
Mirko_Martinez SUI 981 23 13 30
Petros_Tsitsipas GRE 982 20 13 30
Niels_Visker NED 983 19 12 9
Martin_Krumich CZE 984 18 12 10
Pascal_Meis GER 985 27 12 10
Uisung_Park KOR 986 20 12 12
Baran_Cengiz TUR 987 19 12 13
Sebastian_Gima ROU 988 18 12 14
Pak_Long_Yeung HKG 989 26 12 16
Marius_Ruzgas SWE 990 24 12 16
Raphael_Baltensperger SUI 991 23 12 17
Pedro_Araujo POR 992 19 12 17
Saida'Lo_Saidkarimov UZB 993 23 12 17
Luca_Gelhardt GER 994 26 12 17
Franco_Feitt ARG 995 28 12 17
Petr_Hajek CZE 996 24 12 21
Francisco_Cabral POR 997 24 12 22
Maxime_Pauwels BEL 998 22 12 24
Maxime_Mora FRA 999 24 12 25
Sidane_Pontjodikromo NED 1000 20 12 25
Samuele_Ramazzotti ITA 1001 22 11 6
Andrea_Bolla ITA 1002 22 11 7
Vadym_Ursu UKR 1003 24 11 9
Maciej_Rajski POL 1004 29 11 9
Justin_Boulais CAN 1005 19 11 10
Karlis_Ozolins LAT 1006 18 11 10
Chuhan_Wang CHN 1007 29 11 10
Luka_Pavlovic FRA 1008 21 11 13
William_Bushamuka USA 1009 25 11 13
Matyas_Fuele HUN 1010 22 11 14
Alan_Kohen ARG 1011 27 11 14
Bart_Van_Den_Berg NED 1012 27 11 14
Kalman_L._Boyd USA 1013 24 11 16
Tristan_Boyer USA 1014 19 11 18
Matic_Spec SLO 1015 26 11 19
Blake_Ellis AUS 1016 22 11 19
Dhruv_Sunish IND 1017 21 11 20
Cameron_Green AUS 1017 24 11 20
Oleg_Khotkov UKR 1019 31 11 28
Alexis_Canter GBR 1020 22 11 29
Yuki_Bhambri IND 1021 28 10 2
Ko_Suzuki JPN 1022 29 10 5
Kyle_Seelig USA 1023 23 10 5
Yuta_Kawahashi JPN 1024 23 10 6
Will_Maher AUS 1025 21 10 6
Filip_Kolasinski POL 1026 20 10 6
Edoardo_Eremin ITA 1027 27 10 8
David_Fox GBR 1028 27 10 9
Mick_Lescure FRA 1029 27 10 10
Michael_Shabaz USA 1030 33 10 11
Hamidreza_Nadaf IRI 1031 28 10 11
Giovani_Samaha LIB 1032 26 10 13
Egor_Noskin RUS 1033 20 10 13
Min-Kyu_Song KOR 1034 30 10 13
Matthew_Mendez USA 1035 0 10 13
Dragos_Constantin_Ignat ROU 1036 28 10 14
Edoardo_Lavagno ITA 1037 22 10 14
Alejo_Vilaro ARG 1037 25 10 14
Jakob_Aichhorn AUT 1039 22 10 15
Andrea_Picchione ITA 1040 0 10 16
Kasidit_Samrej THA 1041 20 10 16
Adrian_Bodmer SUI 1042 26 10 16
Reese_Stalder USA 1043 24 10 17
Kazuma_Kawachi JPN 1044 26 10 17
Timur_Khabibulin KAZ 1045 25 10 18
Tyler_Mercier USA 1046 29 10 18
Peter_Goldsteiner AUT 1047 30 10 19
Luigi_Sorrentino ITA 1048 22 10 20
Diego_Augusto_Barreto_Sanchez ESP 1049 18 10 20
Issei_Okamura JPN 1050 28 10 28
Joao_Souza BRA 1051 32 9 2
Jacob_Fearnley GBR 1052 19 9 2
Vincent_Millot FRA 1053 35 9 4
Logan_Smith USA 1054 24 9 5
Daniel_Munoz_de_la_Nava ESP 1055 39 9 5
Rigele_Te CHN 1056 23 9 6
Jordi_Samper-Montana ESP 1057 31 9 7
Jeffrey_Von_Der_Schulenburg SUI 1057 19 9 7
Hamad_Medjedovic SRB 1057 17 9 7
Vincent_Stouff FRA 1060 34 9 8
Lucas_Renard SWE 1061 28 9 9
Timo_Legout FRA 1062 19 9 9
Joao_Hinsching BRA 1063 0 9 10
Florent_Bax FRA 1064 21 9 10
Seong-Gook_Oh KOR 1065 28 9 10
Jesse_Flores CRC 1066 26 9 10
Alexandr_Binda RUS 1066 19 9 10
Frane_Nincevic CRO 1068 21 9 11
Keisuke_Saitoh JPN 1069 19 9 11
Palaphoom_Kovapitukted THA 1070 21 9 12
Colin_Van_Beem NED 1071 28 9 12
Lucas_Hellfritsch GER 1072 23 9 13
Hanwen_Li CHN 1073 18 9 13
Francisco_Andreu_Garcia ESP 1074 20 9 14
Terence_Atmane FRA 1075 19 9 14
Lucas_Gomez MEX 1076 25 9 15
Florian_Lakat FRA 1077 25 9 15
Zihao_Xia CHN 1078 24 9 16
Ray_Ho TPE 1079 21 9 16
Tomas_Farjat ARG 1080 20 9 16
Mattia_Frinzi ITA 1081 21 9 18
Joshua_Paris GBR 1082 25 9 18
Adil_Kalyanpur IND 1083 21 9 19
Anirudh_Chandrasekar IND 1084 22 9 19
Hugo_Pontico FRA 1085 23 9 19
Aron_Pierce USA 1086 24 9 19
Tom_Pisane BEL 1087 20 9 19
Daisuke_Sumizawa JPN 1088 22 9 20
Miguel_Damas ESP 1089 21 9 20
Piotr_Grynkowski POL 1090 28 9 22
Sagadat_Ayap KAZ 1091 25 9 23
Michael_Zhu USA 1092 28 9 26
Maksim_Tikhomirov USA 1093 30 9 30
Yibing_Wu CHN 1094 21 8 3
Max_Hans_Rehberg GER 1094 17 8 3
Khololwam_Montsi RSA 1096 18 8 6
Dejan_Katic SRB 1097 33 8 6
Henry_Patten GBR 1098 24 8 6
Dalwinder_Singh IND 1099 24 8 6
Arthur_Fils FRA 1100 16 8 7
Raphael_Collignon BEL 1101 19 8 8
Alexandre_Peyrot FRA 1102 26 8 8
Tanner_K_Smith USA 1103 25 8 8
Charles_Broom GBR 1103 22 8 8
Juan_Carlos_Manuel_Aguilar BOL 1105 22 8 9
Daniel_De_Jonge NED 1106 21 8 10
Arthur_Fery GBR 1107 18 8 11
Nitin_Kumar_Sinha IND 1108 22 8 11
Marlon_Vankan GER 1108 20 8 11
Luca_Staeheli SUI 1110 21 8 12
Vasile_Antonescu ROU 1111 31 8 13
Filip_Duda CZE 1112 22 8 13
Aaron_Schmid SUI 1113 20 8 13
Christoffer_Solberg SWE 1114 27 8 13
Diego_Fernandez_Flores CHI 1115 20 8 14
Maciej_Smola POL 1116 28 8 14
Jesse_Delaney AUS 1117 22 8 17
A.J._Catanzariti USA 1118 25 8 17
Omni_Kumar USA 1119 19 8 17
Manfred_Fellin ITA 1120 24 8 20
Gorazd_Srbljak MKD 1121 23 8 21
Karlo_Cubelic GER 1122 23 8 21
Aliaksandr_Liaonenka BLR 1123 22 8 23
Pavel_Shumeiko UKR 1124 20 8 24
Isaac_Stoute GBR 1124 24 8 24
Gerald_Melzer AUT 1126 30 7 1
Samuel_Bensoussan FRA 1127 29 7 2
August_Holmgren DEN 1128 22 7 3
Ryohei_Tagata JPN 1129 21 7 3
Ronan_Jachuck USA 1129 19 7 3
Amadatus_Admiraal NED 1131 0 7 4
Jea_Moon_Lee KOR 1132 27 7 4
Mauricio_Astorga MEX 1133 29 7 4
Alastair_Gray GBR 1134 22 7 5
Savva_Polukhin RUS 1135 22 7 5
Andrew_Fenty USA 1135 0 7 5
Adrian_Andrzejczuk POL 1137 25 7 5
Haitong_Xia CHN 1138 25 7 6
Evgeny_Philippov RUS 1139 19 7 6
Egor_Agafonov RUS 1139 18 7 6
Alon_Elia ISR 1141 25 7 6
Wei-De_Lin TPE 1142 25 7 7
Karlo_Kranic CRO 1143 21 7 7
Jai_Corbett AUS 1144 27 7 7
Felipe_Mantilla COL 1145 27 7 7
Wilfredo_Gonzalez GUA 1146 28 7 7
Yasha_Zemel ISR 1147 22 7 7
Mathys_Erhard FRA 1148 19 7 8
Felix_Gill GBR 1149 18 7 8
Sergio_Martos_Gornes ESP 1150 26 7 8
Lucas_Vuradin AUS 1151 22 7 8
Filippo_Moroni ITA 1152 20 7 9
Isaiah_Strode USA 1153 23 7 9
Goran_Markovic SRB 1154 25 7 10
John_Echeverria ESP 1155 19 7 10
Bekkhan_Atlangeriev RUS 1156 20 7 10
Nini_Gabriel_Dica ROU 1157 19 7 10
Maxence_Beauge FRA 1158 20 7 11
Hendrik_Jebens GER 1159 25 7 12
Shao-Fan_Liu TPE 1160 24 7 12
Marek_Semjan SVK 1161 33 7 13
Arthur_Bouquier FRA 1162 20 7 14
Martin_Van_Der_Meerschen BEL 1163 20 7 14
Adelchi_Virgili ITA 1164 31 7 15
Errol_Smith USA 1165 26 7 15
Illya_Beloborodko UKR 1166 19 7 15
Darko_Jandric SRB 1167 26 7 15
Niklas_Schell GER 1168 22 7 16
Li-Wei_Tan TPE 1168 25 7 16
Domagoj_Biljesko CRO 1168 23 7 16
Aleksei_Khomich BLR 1171 24 7 16
Gibril_Diarra AUT 1172 30 7 17
Alexandros_Skorilas GRE 1173 21 7 18
Joffrey_De_Schepper FRA 1174 29 7 18
Yannick_Vandenbulcke BEL 1175 30 6 1
Robert_Galloway USA 1175 28 6 1
Adam_Walton AUS 1175 21 6 1
Yuta_Kikuchi JPN 1178 21 6 2
Tim_Puetz GER 1178 33 6 2
Oleg_Dolgosheyev UKR 1180 30 6 3
Scott_Puodziunas AUS 1181 31 6 4
Yair_Sarouk ISR 1182 19 6 4
Igor_Smilansky ISR 1182 26 6 4
Abedallah_Shelbayh JOR 1182 17 6 4
N.Sriram_Balaji IND 1185 31 6 4
James_Trotter JPN 1185 21 6 4
Matej_Vocel CZE 1187 23 6 5
Sho_Katayama JPN 1188 31 6 5
Daniel_Antonio_Nunez CHI 1189 19 6 6
Vinayak_Sharma_Kaza IND 1190 30 6 6
Ti_Chen TPE 1190 37 6 6
Oscar_Weightman GBR 1192 19 6 6
Trent_Bryde USA 1193 21 6 6
Tom_Fawcett USA 1193 25 6 6
Bogdan_Pavel ROU 1195 21 6 6
Joshua_Peck CAN 1196 22 6 7
Eero_Vasa FIN 1197 24 6 7
Drew_Baird USA 1197 20 6 7
Finn_Tearney NZL 1199 30 6 7
Max_Andrews GBR 1200 26 6 9
Alejandro_Garcia ESP 1201 19 6 10
Alexander_Zgirovsky BLR 1202 19 6 10
Vaughn_Hunter RSA 1203 26 6 10
Marek_Jaloviec CZE 1203 27 6 10
Haadin_Salim_Bava IND 1203 26 6 10
Giovanni_Calvano ITA 1203 23 6 10
Michael-John_Every CUW 1207 26 6 10
Enrique_Bogo BRA 1207 0 6 10
Jose_Pereira BRA 1209 30 6 11
Petru-Alexandru_Luncanu ROU 1210 31 6 11
Nicolas_Uryson ARG 1211 27 6 12
Octavio_Volpi ARG 1212 21 6 13
Congsup_Congcar THA 1213 24 6 13
Valentin_Vanta ROU 1214 23 6 13
Marc_Dijkhuizen NED 1215 25 6 13
Arvid_Nordquist SWE 1216 22 6 14
Taiyo_Yamanaka JPN 1217 19 6 14
Seita_Watanabe JPN 1218 20 6 15
George_Botezan ROU 1219 24 6 15
Tomas_Liska SVK 1220 22 6 15
Kosuke_Ogura JPN 1220 25 6 15
Mert_Naci_Turker TUR 1222 22 6 16
Bogdan_Borza ROU 1223 24 6 16
Eduardo_Ribeiro BRA 1224 23 6 16
Mike_Urbanija SLO 1225 31 6 17
James_Frawley AUS 1225 27 6 17
Aaron_Addison AUS 1227 25 6 18
Leopold_Zima GER 1228 20 6 18
Nathaniel_Lammons USA 1229 27 5 1
Mao-Xin_Gong CHN 1229 33 5 1
Miliaan_Niesten NED 1231 32 5 2
Yong-Kyu_Lim KOR 1232 29 5 3
Daniel_Rincon ESP 1232 18 5 3
Gregorio_Lulli ITA 1234 23 5 4
Alexander_Knight USA 1234 24 5 4
Benedikt_Henning GER 1236 23 5 5
Santiago_Besada ARG 1237 23 5 5
Julian_Cash GBR 1237 24 5 5
Felipe_Martinez_Sarrasague ARG 1237 24 5 5
Lasse_Muscheites GER 1240 24 5 6
Milan_Drinic SRB 1241 23 5 6
Andre_Miele BRA 1242 34 5 6
Spencer_Papa USA 1243 25 5 7
Luis_Diego_Chavez_Villalpando BOL 1243 25 5 7
Eliot_Spizzirri USA 1243 19 5 7
Arsenije_Zlatanovic SRB 1243 31 5 7
Yann_Marti SUI 1247 32 5 7
Yeong-Seok_Jeong KOR 1248 21 5 7
Roman_Blokhin RUS 1249 22 5 8
Mikolaj_Lorens POL 1250 19 5 8
Leonardo_Telles BRA 1250 25 5 8
Sergei_Pogosian RUS 1252 22 5 8
Florent_Diep FRA 1252 29 5 8
Vladislav_Ivanov RUS 1254 0 5 8
Sean_Hodkin GBR 1254 22 5 8
Luca_Van_Assche FRA 1254 16 5 8
Alejandro_Moro_Canas ESP 1257 20 5 9
Rishi_Reddy IND 1258 23 5 9
Martin_Breysach FRA 1258 19 5 9
Siddanth_Banthia IND 1260 20 5 9
Marco_Mosciatti ITA 1260 23 5 9
Benard_Bruno_Nkomba AUS 1260 21 5 9
Alejandro_Hoyos COL 1260 21 5 9
Filipe_Brandao BRA 1264 29 5 9
Hao_Wu CHN 1265 24 5 10
Aristotelis_Thanos GRE 1266 20 5 10
Alex_Martinez ESP 1266 20 5 10
Wei_Qiang_Zheng CHN 1268 24 5 11
Cing-Yang_Meng TPE 1269 22 5 11
Peter_Makk HUN 1270 19 5 11
Paul_Cayre FRA 1270 25 5 11
Maxence_Broville FRA 1272 22 5 11
Gabriel_Ciro_Da_Silva BRA 1273 21 5 12
Alen_Rogic-Hadzalic CRO 1274 23 5 12
Volodoymyr_Uzhylovskyi UKR 1275 33 5 12
Timur_Maulenov KAZ 1275 20 5 12
Boris_Fassbender FRA 1275 23 5 12
Domenico_Cutuli ITA 1278 24 5 12
Mohamed_Nazim_Makhlouf ALG 1279 24 5 13
Kuzey_Cekirge TUR 1280 20 5 13
Constantin_Bittoun_Kouzmine FRA 1281 22 5 14
Alessandro_Coppini ITA 1281 22 5 14
Tim_Heger GER 1283 21 5 15
N_Vijay_Sundar_Prashanth IND 1284 34 5 15
Goncalo_Falcao POR 1284 33 5 15
Leonardo_Aboian ARG 1286 22 5 16
Jordan_Hasson ISR 1287 21 5 17
Yannik_Steinegger SUI 1288 20 5 17
Tomislav_Jotovski MKD 1288 30 5 17
Niklas_Johansson SWE 1288 22 5 17
Jody_Maginley ANT 1291 25 5 18
Szymon_Walkow POL 1292 25 4 1
Siem_Woldeab USA 1292 19 4 1
Romain_Barbosa BEL 1292 26 4 1
Marcello_Serafini ITA 1292 18 4 1
Mattias_Siimar EST 1296 23 4 2
George_Von_Massow GER 1296 31 4 2
Chad_Kissell USA 1296 24 4 2
Yuya_Ito JPN 1299 24 4 2
Millen_Hurrion GBR 1300 21 4 3
Jordi_Munoz-Abreu VEN 1301 31 4 4
Karol_Drzewiecki POL 1302 25 4 4
Alexander_Pavlioutchenkov RUS 1302 35 4 4
Zsombor_Velcz HUN 1304 18 4 4
Young-Hoon_Jeong KOR 1304 31 4 4
Ibrokhimjon_Urinov UZB 1304 18 4 4
Francisco_Dias POR 1304 28 4 4
Preston_Touliatos USA 1308 25 4 5
Maik_Steiner GER 1309 26 4 5
Christian_Oliveira BRA 1309 21 4 5
Paras_Dahiya IND 1311 23 4 5
Radu_Mihai_Papoe ROU 1312 18 4 6
Cyril_Vandermeersch FRA 1312 21 4 6
Kareem_Al_Allaf SYR 1314 23 4 6
Eliakim_Coulibaly CIV 1314 18 4 6
Charl_Morgan RSA 1316 19 4 7
Jared_Hiltzik USA 1317 26 4 7
Tyler_Zink USA 1318 0 4 7
Sergio_Galdos PER 1318 31 4 7
Gabor_Borsos HUN 1318 29 4 7
Milen_Ianakiev GER 1321 25 4 7
Glenn_Smits NED 1321 30 4 7
Olimjon_Nabiev UZB 1323 18 4 8
Vladislav_Melnic ROU 1324 21 4 8
Vasko_Mladenov BUL 1324 31 4 8
Patrik_Hartmeier SUI 1324 24 4 8
Kiranpal_Pannu NZL 1324 24 4 8
Juan_Ignacio_Alcalde ARG 1324 21 4 8
Luis_Humberto_Lopez MEX 1329 23 4 8
Luciano_Carraro ARG 1329 22 4 8
Keenan_Mayo USA 1331 0 4 9
Yuichiro_Inui JPN 1332 26 4 9
Jose_Joaquin_Miranda_Cisneros ESP 1332 20 4 9
Harry_Wendelken GBR 1332 19 4 9
Francesco_Maestrelli ITA 1335 18 4 9
Aliaksandr_Bulitski BLR 1335 27 4 9
Seon_Yong_Han KOR 1337 20 4 10
Nicholas_Bybel USA 1337 27 4 10
Marco_Saffratti ARG 1337 21 4 10
Federico_Moreno ARG 1337 26 4 10
Ben_Jones GBR 1337 22 4 10
Axel_Garcian FRA 1337 18 4 10
Naoki_Takeda JPN 1343 27 4 10
Fernando_Yamacita BRA 1343 23 4 10
Alberto_Colas_Sanchez ESP 1343 20 4 10
Grey_Hamilton USA 1346 24 4 11
Rowland_Phillips JAM 1347 27 4 11
Nicholas_Reyes USA 1347 26 4 11
Neil_Oberleitner AUT 1347 21 4 11
William_Griffith USA 1350 25 4 12
Viacheslav_Yulik RUS 1350 20 4 12
Sam_Taylor SWE 1350 23 4 12
Kai_Lemstra GER 1350 21 4 12
Jake_Delaney AUS 1350 23 4 12
Giovanni_Mpetshi_Perricard FRA 1350 17 4 12
Courtney_John_Lock ZIM 1350 24 4 12
Afonso_Salgado POR 1350 23 4 12
Nicolas_Bianchi ARG 1358 24 4 13
Conor_Berg USA 1358 29 4 13
Samuel_Brosset FRA 1360 23 4 14
Pavel_Krainik CAN 1361 28 4 14
Mousa_Alkotop JOR 1361 22 4 14
Jayden_Court AUS 1361 20 4 14
Chanchai_Sookton-eng THA 1361 24 4 14
Kunal_Anand IND 1365 28 4 15
Boris_Butulija SRB 1365 22 4 15
Muthu_Aadhitiya_Senthilkumar IND 1367 21 4 16
Pol_Wattanakul THA 1368 25 4 17
Martin_Borisiouk BLR 1368 20 4 17
Juan_Pablo_Canas_Garcia ESP 1368 24 4 17
Mikhail_Korovin RUS 1371 25 4 18
Hanyi_Liu CHN 1371 19 4 18
Fabio_Coelho POR 1373 20 4 20
Yasunori_Hashikawa JPN 1374 22 3 1
Lukas_Greif USA 1374 21 3 1
Jakob_Schnaitter GER 1374 25 3 1
Fabiano_De_Paula BRA 1374 32 3 1
Chandril_Sood IND 1374 30 3 1
Nikola_Cacic SRB 1379 30 3 2
Nicaise_Muamba CAN 1379 20 3 2
Kai_Breitbach GER 1379 23 3 2
Jack_Mingjie_Lin CAN 1379 21 3 2
Murkel_Dellien BOL 1383 23 3 2
Alexander_Stepin RUS 1383 25 3 2
Tyler_Lu USA 1385 25 3 3
Enzo_Wallart FRA 1385 24 3 3
Dominik_Kellovsky CZE 1385 24 3 3
Sung_Jun_Park KOR 1388 27 3 3
Robin_Thour SWE 1388 26 3 3
Oscar_Mesquida_Berg ESP 1388 24 3 3
Loris_Pourroy FRA 1391 20 3 3
John_Hallquist_Lithen SWE 1391 19 3 3
Shi_Hong_Zeng CHN 1393 23 3 4
Tukhula_Jacobs NAM 1394 26 3 4
Thantub_Suksumrarn THA 1394 19 3 4
Sebastien_Boltz FRA 1394 28 3 4
Patrik_Nema SVK 1394 23 3 4
Miles_Jones USA 1394 20 3 4
Markus_Schultz SWE 1394 0 3 4
Karue_Sell BRA 1394 27 3 4
Ivan_Sergeyev UKR 1394 33 3 4
Hong_Chung KOR 1394 27 3 4
Faisal_Qamar IND 1394 21 3 4
Blaise_Bicknell USA 1394 19 3 4
Thomas_Bosancic AUS 1405 20 3 4
Rodrigo_Echavarria COL 1405 24 3 4
Oh-Hee_Kwon KOR 1405 42 3 4
Mason_Recci GBR 1405 24 3 4
Gianni_Ross USA 1405 22 3 4
Young_Seok_Kim KOR 1410 25 3 5
Noah_Schachter USA 1410 21 3 5
Loic_Ratsaratany FRA 1410 21 3 5
Andre_Gaspar_Murta POR 1410 26 3 5
Tom_Hands GBR 1414 24 3 5
Richard_Muzaev RUS 1414 29 3 5
Manuel_Barros ARG 1414 26 3 5
Luciano_Tacchi ARG 1414 19 3 5
Len_Schouten NED 1414 22 3 5
Jaime_Caldes ESP 1414 20 3 5
Gilad_Tamar ISR 1414 20 3 5
Dylan_Salton RSA 1414 18 3 5
David_Agung_Susanto INA 1414 29 3 5
Benjamin_Niv BUL 1414 20 3 5
Agustin_Maria_Gascia ARG 1414 24 3 5
Walter_Trusendi ITA 1425 36 3 6
Siddharth_Vishwakarma IND 1425 26 3 6
Pol_Amoros_Ramos ESP 1425 23 3 6
Tristan_Meraut FRA 1428 25 3 6
Thomas_Deschamps FRA 1428 22 3 6
Marco_De_Rossi SMR 1428 23 3 6
Lorenzo_Brunetti ITA 1428 25 3 6
Joseph_Imeh_Ubon NGR 1428 23 3 6
Jordan_Parker USA 1428 27 3 6
Jerome_Kym SUI 1428 18 3 6
Jatin_Dahiya IND 1428 28 3 6
Emilien_Voisin FRA 1428 20 3 6
Edoardo_Graziani ITA 1428 21 3 6
Xavier_Gabarro ESP 1438 21 3 7
Juan_Pablo_Grassi_Mazzuchi ARG 1438 21 3 7
Gian_Marco_Ortenzi ITA 1438 21 3 7
Ameur_Ben_Hassen TUN 1438 27 3 7
Thomas_Setodji FRA 1442 25 3 7
Scott_Duncan GBR 1442 26 3 7
Paul_Valsecchi FRA 1442 23 3 7
Mats_Hermans NED 1442 25 3 7
Logan_Zapp USA 1442 19 3 7
Henri_Squire GER 1442 20 3 7
Andres_Urrea COL 1442 0 3 7
Alessandro_Procopio ITA 1442 23 3 7
Ronald_Hohmann USA 1450 19 3 8
Luke_Jacob_Gamble USA 1451 25 3 8
Stefan_Micov MKD 1452 28 3 8
Sheil_Kotecha KEN 1452 21 3 8
Oscar_Moraing GER 1452 21 3 8
Mikal_Statham NZL 1452 33 3 8
Mayeul_Darras FRA 1452 22 3 8
Mauro_De_Maio ITA 1452 19 3 8
Anton_Chekhov RUS 1452 28 3 8
Alexandru_Vasile_Manole ROU 1452 22 3 8
Krittin_Koaykul THA 1460 26 3 9
Yvo_Panak CZE 1461 25 3 9
Yeudy_Villar DOM 1461 20 3 9
Samuel_Puskar SVK 1461 20 3 9
Michal_Mikula POL 1461 21 3 9
Jose_Daniel_Bendeck COL 1461 30 3 9
Buvaysar_Gadamauri BEL 1461 20 3 9
Alexander_Klintcharov NZL 1461 24 3 9
Amaury_Delmas FRA 1468 23 3 10
Zakhar_Trapeznikov RUS 1469 23 3 10
Thanapet_Chanta THA 1469 21 3 10
Suraj_R_Prabodh IND 1469 26 3 10
Leonid_Sheyngezikht BUL 1469 20 3 10
Karunuday_Singh IND 1469 30 3 10
Alexander_Ovcharov RUS 1469 22 3 10
Alexander_Jhun GBR 1469 25 3 10
Jake_Hersey GBR 1476 20 3 11
Amr_Asrawy EGY 1476 22 3 11
Alessandro_Ceppellini ITA 1476 24 3 11
Lukas_Hellum-Lilleengen NOR 1479 20 3 12
Moritz_Thiem AUT 1480 21 3 12
James_Ibrahim AUS 1480 23 3 12
Jack_Gibbens GBR 1480 23 3 12
Yassir_Kilani MAR 1483 20 3 13
George_Goldhoff USA 1483 26 3 13
Dante_Gennaro ITA 1483 27 3 13
Anatoliy_Petrenko UKR 1483 25 3 13
Yann_Wojcik POL 1487 24 3 14
Nicolas_Tepmahc FRA 1487 19 3 14
Piotr_Matuszewski POL 1489 22 3 15
Mert_Alkaya TUR 1490 20 3 16
Agustin_Riquelme ARG 1490 21 3 16
Andrej_Glvac SVK 1492 24 3 18
Wil_Spencer USA 1493 31 2 1
Sergio_Luis_Hernandez_Ramirez COL 1493 21 2 1
Robertas_Vrzesinski LTU 1493 23 2 1
Lukas_Ollert GER 1493 28 2 1
Luca_Keist SUI 1493 22 2 1
Loic_Cloes BEL 1493 22 2 1
Jake_Van_Emburgh USA 1493 22 2 1
Ivailo_Keremedchiev BUL 1493 20 2 1
Hanamichi_Carvajal CHI 1493 0 2 1
Gianluca_Beghi ITA 1493 29 2 1
George_Stoupe NZL 1493 19 2 1
Costin_Paval ROU 1493 30 2 1
Sergey_Shipilov RUS 1505 27 2 2
Sander_Arends NED 1505 29 2 2
Marko_Topo SRB 1505 17 2 2
Jurgen_Melzer AUT 1505 39 2 2
Juan_Sebastian_Zabala_Vargas ECU 1505 18 2 2
Jianhui_Li CHN 1505 25 2 2
Jacob_Brumm USA 1505 22 2 2
Hugo_Pierre FRA 1505 25 2 2
Hikaru_Shiraishi JPN 1505 20 2 2
Davide_Pontoglio ITA 1505 28 2 2
Yannik_Reuter BEL 1515 30 2 2
Lance-Pierre_Du_Toit RSA 1515 22 2 2
Jordan_Smith AUS 1515 24 2 2
Eric_Hadigian USA 1515 21 2 2
Demetris_Azoides GRE 1515 20 2 2
Christian_Lerby NED 1515 19 2 2
Carson_Haskins USA 1515 21 2 2
Bastian_Trinker AUT 1515 30 2 2
Alessandro_Pecci ITA 1515 20 2 2
Ahmed_Choudhary PAK 1515 27 2 2
Vuk_Budic USA 1525 22 2 3
Mathieu_Scaglia FRA 1525 22 2 3
Louis_Lechevretel FRA 1525 24 2 3
Kalin_Ivanovski MKD 1525 16 2 3
Ilarion_Danilchenko RUS 1525 19 2 3
Darko_Bojanovic BIH 1525 24 2 3
Alexander_Gaponenko ISR 1525 18 2 3
Aleksander_Orlikowski POL 1525 17 2 3
Tamaki_Yamao JPN 1533 22 2 3
Santiago_Bramajo ARG 1533 20 2 3
Pablo_Alemany ESP 1533 18 2 3
Max_Basing GBR 1533 18 2 3
Luigi_Castelletti ITA 1533 18 2 3
Jakob_Sude GER 1533 29 2 3
Davide_Albertoni ITA 1533 25 2 3
Daniel_Little GBR 1533 23 2 3
Cleeve_Harper CAN 1533 20 2 3
Rodrigo_Banzer BOL 1542 24 2 4
Marat_Sharipov RUS 1542 18 2 4
Joshua_Dous_Karpenschif FRA 1542 17 2 4
Christian_Didier_Chin MAS 1542 20 2 4
Victor_Nunez CHI 1546 29 2 4
Valentin_Vacherot MON 1546 22 2 4
Takuya_Kumasaka JPN 1546 22 2 4
Stephen_Kaldawi AUS 1546 25 2 4
Roland_Stuurman NED 1546 21 2 4
Prithvi_Sekhar IND 1546 27 2 4
Philip_Bachmaier AUT 1546 24 2 4
Perry_Gregg USA 1546 20 2 4
Pasquale_De_Giorgio ITA 1546 21 2 4
Mischa_Lanz SUI 1546 20 2 4
Minjong_Park KOR 1546 19 2 4
Mihailo_Popovic SRB 1546 20 2 4
Masamichi_Imamura JPN 1546 22 2 4
Mark_Tryakshin UZB 1546 19 2 4
Luca_George_Tatomir ROU 1546 25 2 4
Lorenzo_Claverie ITA 1546 18 2 4
Joshua_Howard-Tripp RSA 1546 21 2 4
Jiri_Jenicek CZE 1546 21 2 4
Jesse_Witten USA 1546 38 2 4
Jason_Kros USA 1546 23 2 4
Giovanni_Rizzuti ITA 1546 25 2 4
Franco_Capalbo ARG 1546 23 2 4
Daniel_Mora COL 1546 24 2 4
Bautista_Vilicich ARG 1546 19 2 4
Artur_Shakhnubaryan RUS 1546 24 2 4
Antonin_Stepanek CZE 1546 21 2 4
Alvaro_Saez-Royuela_Ariza ESP 1546 20 2 4
Alexandre_Rotsaert USA 1546 21 2 4
Alexander_Boborykin RUS 1546 24 2 4
Daniel_Paty CZE 1575 21 2 5
Yunosuke_Tanaka JPN 1576 22 2 5
Taha_Kapadia IND 1576 23 2 5
Sebastian_Murillo USA 1576 21 2 5
Noah_Thurner GER 1576 21 2 5
Niccolo_Inserra ITA 1576 21 2 5
Neil_Pauffley GBR 1576 31 2 5
Neel_Rajesh USA 1576 20 2 5
Michael_Look AUS 1576 33 2 5
Michael_Gloeckler AUT 1576 22 2 5
Maxim_Krapivin RUS 1576 21 2 5
Martins_Rocens LAT 1576 21 2 5
Lodewijk_Weststrate NED 1576 0 2 5
Kevin_Major BAH 1576 26 2 5
Joao_Marcos_Nusdeo BRA 1576 26 2 5
Jiri_Barnat CZE 1576 19 2 5
Ivan_Endara ECU 1576 33 2 5
Ilya_Snitari MDA 1576 19 2 5
Igor_Saveljic MNE 1576 25 2 5
Hugo_Voljacques FRA 1576 28 2 5
Hugo_Largo ESP 1576 23 2 5
Henrik_Traskin LTU 1576 22 2 5
Hasan_Ibrahim GER 1576 25 2 5
Giuseppe_La_Vela ITA 1576 20 2 5
George_Houghton GBR 1576 22 2 5
Edward_Hubner GBR 1576 22 2 5
Danil_Spasibo RUS 1576 19 2 5
Daniel_Siniakov CZE 1576 18 2 5
Christian_Seraphim GER 1576 0 2 5
Chayanon_Kaewsuto THA 1576 25 2 5
Arturs_Lazdins LAT 1576 24 2 5
Marco_Furlanetto ITA 1606 20 2 6
Federico_Campana ITA 1606 22 2 6
Tomohiro_Masabayashi JPN 1608 23 2 6
Shohei_Chikami JPN 1608 22 2 6
Ranjeet_Virali-Murugesan IND 1608 35 2 6
Janis_Podzus LAT 1608 26 2 6
Hazem_Naw SYR 1608 21 2 6
Grigoriy_Korobeynikov UZB 1608 22 2 6
Fausto_Tabacco ITA 1608 0 2 6
Digvijaypratap_Singh IND 1608 20 2 6
Damien_Bayard FRA 1608 0 2 6
Chak_Lam_Coleman_Wong HKG 1608 16 2 6
Riaan_Du_Toit CAN 1618 26 2 7
Guillaume_Dermiens BEL 1618 21 2 7
Youcef_Rihane ALG 1620 19 2 7
Riccardo_Di_Nocera ITA 1620 20 2 7
Paolo_Dagnino ITA 1620 23 2 7
Nicholas_Shamma USA 1620 24 2 7
Mate_Voros HUN 1620 21 2 7
Martin_Dimitrov BUL 1620 24 2 7
Lukas_Neumayer AUT 1620 18 2 7
Luciano_Doria ARG 1620 28 2 7
Kristof_Minarik SVK 1620 20 2 7
Jirat_Navasirisomboon THA 1620 24 2 7
Gustaf_Strom SWE 1620 19 2 7
Fletcher_Scott USA 1620 22 2 7
Finn_Bass GBR 1620 21 2 7
Deney_Wassermann NED 1620 20 2 7
Davide_Tortora ITA 1620 20 2 7
Constant_De_La_Bassetiere FRA 1620 23 2 7
Bruno_Pujol_Navarro ESP 1620 19 2 7
Andrea_Borroni ITA 1620 25 2 7
Tim_Handel GER 1638 24 2 8
Hillel_Rousseau HAI 1638 25 2 8
Faris_Zakaryia EGY 1638 19 2 8
William_Ma AUS 1641 25 2 8
Sebastian_Eguez BOL 1641 25 2 8
Ren_Nakamura JPN 1641 26 2 8
Leonardo_Taddia ITA 1641 21 2 8
Gleb_Blekher CAN 1641 20 2 8
David_Szintai HUN 1641 23 2 8
Andres_Gabriel_Ciurletti ITA 1641 23 2 8
Pavle_Daljev SRB 1648 29 2 9
Or_Ram-Harel ISR 1648 26 2 9
William_Grant USA 1650 20 2 9
Vladimir_Filip ROU 1650 25 2 9
Saba_Purtseladze GEO 1650 19 2 9
Roi_Ginat ISR 1650 20 2 9
Ricardo_David_Mayagoitia MEX 1650 26 2 9
Patrick_Foley GBR 1650 26 2 9
Nemanja_Malesevic BIH 1650 19 2 9
Lucas_Bouquet FRA 1650 23 2 9
Kent_Tagashira JPN 1650 27 2 9
Ishaque_Eqbal IND 1650 23 2 9
Gabriele_Bosio ITA 1650 20 2 9
Dominik_Nazaruk POL 1650 24 2 9
Worovin_Kumthonkittikul THA 1662 26 2 10
Skyler_Butts HKG 1662 27 2 10
Sergey_Bolotov RUS 1662 21 2 10
Nicolas_Bruna CHI 1662 22 2 10
Mousheg_Hovhannisyan USA 1662 29 2 10
Matthew_Dellavedova AUS 1662 20 2 10
Ken_Onishi JPN 1662 25 2 10
Gianmarco_Ferrari ITA 1662 20 2 10
Gregorio_Cordonnier COL 1670 25 2 11
Terence_Das IND 1671 19 2 11
Stefano_Baldoni ITA 1671 23 2 11
Shahar_Elbaz ISR 1671 24 2 11
Max_Alcala_Gurri ESP 1671 18 2 11
Esteban_Bruna CHI 1671 26 2 11
Dominik_Recek CZE 1671 26 2 11
Boris_Arias BOL 1677 27 2 12
Pedro_Iamachkine PER 1678 25 2 12
Natan_Rodrigues BRA 1678 19 2 12
Daniel_Batista POR 1678 22 2 12
Adrian_Oetzbach GER 1678 23 2 12
Admir_Kalender CRO 1682 20 2 13
Anze_Arh SLO 1683 22 2 15
Preston_Brown USA 1684 19 2 16
Zhao_Zhao CHN 1685 0 1 1
Yannick_Jankovits FRA 1685 34 1 1
Washi_Gervais CAN 1685 26 1 1
Victorio_Marquiselli ARG 1685 18 1 1
Thomas_Braithwaite AUS 1685 21 1 1
Teodor_Giusca ROU 1685 21 1 1
Stefan_Skadarka AUS 1685 22 1 1
Stefan_Popovic SRB 1685 17 1 1
Shunrou_Takeshima JPN 1685 30 1 1
Shota_Tange JPN 1685 20 1 1
Sherif_Abohabaga EGY 1685 26 1 1
Samuel_Hodor SVK 1685 24 1 1
Rrezart_Cungu MNE 1685 22 1 1
Rene_Schulte GER 1685 32 1 1
Reece_Falck NZL 1685 19 1 1
Razvan_Baiant CAN 1685 20 1 1
Raphael_Lambling FRA 1685 20 1 1
Philipp_Schroll AUT 1685 24 1 1
Oscar_Mancineiras_Cornella ESP 1685 26 1 1
Olle_Wallin SWE 1685 19 1 1
Nikita_Volonski AUS 1685 19 1 1
Mikail_Alimli FRA 1685 17 1 1
Maxim_Tybar BLR 1685 22 1 1
Maurus_Malgiaritta SUI 1685 19 1 1
Mateo_Gomez COL 1685 18 1 1
Madhwin_Kamath IND 1685 19 1 1
Macsen_Sisam NZL 1685 20 1 1
Luke_Phillips USA 1685 22 1 1
Lukas_Mugevicius LTU 1685 26 1 1
Lucas_Luini ARG 1685 23 1 1
Liova_Ajavon TOG 1685 21 1 1
Linus_Erhart AUT 1685 26 1 1
Lilian_Prod'Homme FRA 1685 22 1 1
Leonardo_Malgaroli ITA 1685 18 1 1
Juraj_Masar SVK 1685 28 1 1
Jun_Sang_Park KOR 1685 26 1 1
Julian_Schubert AUT 1685 21 1 1
Joshua_Sheehy USA 1685 24 1 1
Johannes_Fleischmann GER 1685 21 1 1
Joe_Tyler GBR 1685 22 1 1
Jesse_Timmermans NED 1685 0 1 1
Jeson_Patrombon PHI 1685 28 1 1
Japheth_Anwasiba_Bagerbaseh GHA 1685 27 1 1
Igor_Solomatin UKR 1685 22 1 1
Igor_Karpovets UKR 1685 22 1 1
Hyung-Chan_Lim KOR 1685 35 1 1
Henrique_Rocha POR 1685 17 1 1
Hayato_Kudo JPN 1685 22 1 1
Goran_Zivotic SRB 1685 19 1 1
Giovanni_Oradini ITA 1685 23 1 1
Finn_Murgett GBR 1685 19 1 1
Fardeen_Qamar IND 1685 20 1 1
Eric_Jr._Olivarez PHI 1685 22 1 1
Emilien_Burnel FRA 1685 20 1 1
Elmer_Moller DEN 1685 17 1 1
Eduardo_Nava USA 1685 24 1 1
Edouard_Villoslada FRA 1685 21 1 1
Daniel_Ibragimov RUS 1685 18 1 1
Cosmin_Ontica ROU 1685 26 1 1
Claudio_Grassi ITA 1685 35 1 1
Carlos_Andres_Sepulveda_Navarro COL 1685 24 1 1
Cameron_Henricy_Trigolos ESP 1685 20 1 1
Brian_Cernoch USA 1685 21 1 1
Bradley_Frye USA 1685 20 1 1
Blu_Baker GBR 1685 19 1 1
Blazo_N_Djurovic AUS 1685 25 1 1
Biagio_Gramaticopolo ITA 1685 19 1 1
Benjamin_L._Ambrosio ARG 1685 20 1 1
Benito_Sanchez_Martinez GER 1685 18 1 1
Barnaby_Smith GBR 1685 21 1 1
Bang_Shuo_Yin TPE 1685 22 1 1
Andrew_Dale USA 1685 19 1 1
Andreja_Petrovic NOR 1685 21 1 1
Amine_Ahouda MAR 1685 23 1 1
Aly_Shokeir EGY 1685 19 1 1
Alvaro_Guillen_Meza ECU 1685 18 1 1
Alejandro_Reguant ESP 1685 22 1 1
Alejandro_Licea ESA 1685 17 1 1
Alberto_Cammarata ITA 1685 28 1 1
Adria_Soriano_Barrera ESP 1685 21 1 1
Adam_Heinonen SWE 1685 18 1 1
Younes_Lalami_Laaroussi MAR 1766 19 1 2
Viktor_Nikitin RUS 1766 23 1 2
Viktor_Jovic SRB 1766 19 1 2
Valerio_Aboian ARG 1766 18 1 2
Tuur_Heuvinck BEL 1766 23 1 2
Tomas_Gerini ITA 1766 25 1 2
Strahinja_Rakic SRB 1766 25 1 2
Stefanos_Sakellaridis GRE 1766 16 1 2
Simone_Cacciapuoti ITA 1766 20 1 2
Siim_Troost EST 1766 21 1 2
Shonigmatjon_Shofayziyev UZB 1766 27 1 2
Shendrit_Deari MKD 1766 32 1 2
Shahin_Khaledan IRI 1766 30 1 2
Romain_Bauvy FRA 1766 26 1 2
Rodrigo_Sanchez PER 1766 29 1 2
Rodrigo_Nicolas_Montes_De_Oca_Murillo PER 1766 18 1 2
Robbie_Arends RSA 1766 19 1 2
Riley_Smith USA 1766 23 1 2
Raul_Gerardo_Centeno_Arteaga ECU 1766 19 1 2
Raul_Garcia BOL 1766 19 1 2
Quinn_Vandecasteele USA 1766 18 1 2
Plamen_Milushev BUL 1766 26 1 2
Peter_Benjamin_Privara SVK 1766 16 1 2
Petar_Pjevcevic SRB 1766 25 1 2
Oscar_Galimardanov RUS 1766 20 1 2
Noppadol_Noikor THA 1766 21 1 2
Nikola_Slavic SWE 1766 20 1 2
Nicolas_Demeroutis BEL 1766 20 1 2
Moritz_Pfaff GER 1766 20 1 2
Mohamed_Hassan ALG 1766 25 1 2
Mateusz_Terczynski POL 1766 25 1 2
Mate_Zsiga HUN 1766 28 1 2
Mario_Mansilla_Diez ESP 1766 18 1 2
Marcus_Walters GBR 1766 23 1 2
Louis_Herman BEL 1766 19 1 2
Lluc_Mir_Anglada ESP 1766 18 1 2
Leonardo_Catani ITA 1766 21 1 2
Leny_Mitjana FRA 1766 26 1 2
Lakshit_Sood IND 1766 30 1 2
Laelson_Rodrigues BRA 1766 21 1 2
Kris_Krawcewicz AUT 1766 24 1 2
Kosuke_Okagaki JPN 1766 22 1 2
Karl_Poling USA 1766 21 1 2
Julián_Gimenez ARG 1766 20 1 2
Julian_Cundom ARG 1766 20 1 2
Jorge_Blanco_Guadalupe ESP 1766 23 1 2
Jonas_Maier GER 1766 24 1 2
Jean-Jacques_Rakotohasy MAD 1766 26 1 2
Jacob_Bullard USA 1766 20 1 2
Iiro_Vasa FIN 1766 18 1 2
Igor_Trunov RUS 1766 19 1 2
Hunter_Reese USA 1766 28 1 2
Herman_Knoop NED 1766 23 1 2
Gunjan_Jadhav IND 1766 20 1 2
Francisco_Vittar ARG 1766 21 1 2
Francisco_Llanes URU 1766 18 1 2
Francis_Casey_Alcantara PHI 1766 29 1 2
Filip_Stipic SRB 1766 19 1 2
Ethan_Denzel_Sibanda ZIM 1766 16 1 2
Erik_Holt-Crossman AUS 1766 23 1 2
Enrique_Luque_Rico ESP 1766 20 1 2
Emmanuel_Idoko NGR 1766 24 1 2
Dax_Donders NED 1766 20 1 2
Daniil_Strelchenko UKR 1766 20 1 2
Daniel_Vrba CZE 1766 24 1 2
Christian_Lakoseljac CAN 1766 22 1 2
Chrisjan_Van_Wyk RSA 1766 19 1 2
Cesar_Bourgois FRA 1766 23 1 2
Carlos_Hassey USA 1766 21 1 2
Carles_Batlle ESP 1766 20 1 2
Carl_Bret_Parko EST 1766 20 1 2
Bulat_Galiev RUS 1766 23 1 2
Brandon_Perez VEN 1766 21 1 2
Brandon_Murphy GBR 1766 20 1 2
Bradley_Paliska FRA 1766 18 1 2
Austin_Ansari_Ansari USA 1766 27 1 2
Arthur_Weber FRA 1766 28 1 2
Anton_Zaitcev RUS 1766 33 1 2
Alexis_Klegou BEN 1766 32 1 2
Alexandar_Lazov BUL 1766 30 1 2
Alejandro_Sanchez_Gonzalez ESP 1766 18 1 2
Aissa_Benchakroun MAR 1766 19 1 2
Adrien_Bossel SUI 1766 34 1 2
William_Blumberg USA 1849 23 1 3
Vladyslav_Gorodynskyi UKR 1849 23 1 3
Victor_Crivoi ROU 1849 38 1 3
Viacheslav_Bielinskyi UKR 1849 17 1 3
Vasile-Alexandru_Ghilea ROU 1849 27 1 3
Vasil_Dimitrov BUL 1849 18 1 3
Trey_Hilderbrand USA 1849 20 1 3
Thiago_Cigarran ARG 1849 21 1 3
Tae-Woo_Lee KOR 1849 29 1 3
Stijn_Pel NED 1849 18 1 3
Siphosothando_Montsi RSA 1849 21 1 3
Sheng_Tang CHN 1849 0 1 3
Shaheed_Alam SGP 1849 22 1 3
Seung-Ri_Choi KOR 1849 30 1 3
Sergis_Kyratzis CYP 1849 25 1 3
Samuel_Beren USA 1849 24 1 3
Sam_Ryan_Ziegann AUS 1849 22 1 3
Roy_De_Valk NED 1849 29 1 3
Robert_Rumler CZE 1849 27 1 3
Rafael_Giotis GER 1849 20 1 3
Qun_Gao CHN 1849 27 1 3
Pierre_Malan RSA 1849 20 1 3
Petr_Bar_Biryukov RUS 1849 19 1 3
Patrick_Zahraj GER 1849 21 1 3
Masi_Sarpola FIN 1849 22 1 3
Mario_Gonzalez_Fernandez ESP 1849 0 1 3
Marc_Othman_Ktiri ESP 1849 17 1 3
Maks_Kasnikowski POL 1849 17 1 3
Lynn_Max_Kempen GER 1849 26 1 3
Lukas_Palovic SVK 1849 19 1 3
Lisandru_Rodriguez FRA 1849 18 1 3
Leonardo_Lopez_Linquet ARG 1849 19 1 3
Leighton_Allen USA 1849 20 1 3
Kevin_Cheruiyot KEN 1849 23 1 3
Kevin_Chahoud SWE 1849 19 1 3
Kento_Yamada JPN 1849 22 1 3
Keivon_Tabrizi SUI 1849 24 1 3
Kazuki_Shimizu JPN 1849 21 1 3
Karl_Kiur_Saar EST 1849 24 1 3
Kamen_Damov CAN 1849 22 1 3
Joshua_Luck RSA 1849 25 1 3
Jing_Long_Weng NED 1849 20 1 3
Javier_Molino ESP 1849 19 1 3
Jan_Mertl CZE 1849 39 1 3
Huixin_Wang CHN 1849 24 1 3
Guy_Den_Ouden NED 1849 19 1 3
Gustavo_Heide BRA 1849 19 1 3
Gianluca_Acquaroli ITA 1849 26 1 3
Gerard_Escandell_Juan ESP 1849 20 1 3
Eric_Ahren_Moonga SWE 1849 25 1 3
Emir_Sendogan TUR 1849 19 1 3
Eduardo_Roldan MEX 1849 22 1 3
Dong_Ju_Kim KOR 1849 19 1 3
Deni_Zmak CRO 1849 31 1 3
Dan_Martin CAN 1849 0 1 3
Dali_Blanch USA 1849 18 1 3
Colin_Markes USA 1849 24 1 3
Clement_Deleersnyder FRA 1849 19 1 3
Clement_Chidekh FRA 1849 20 1 3
Clay_Crawford GBR 1849 26 1 3
Chris_Wettengel USA 1849 38 1 3
Baker_Newman BAH 1849 25 1 3
Athanassios_Manekas GRE 1849 22 1 3
Anurag_Nenwani IND 1849 22 1 3
Antun_Vidak CRO 1849 27 1 3
Antonio_Muniz_Hidalgo ESP 1849 21 1 3
Andrea_Gola ITA 1849 19 1 3
Alvaro_Blanco_Damea ESP 1849 23 1 3
Alex_Kobelt USA 1849 23 1 3
Alessandro_Dragoni ITA 1849 23 1 3
Alan_Magadan MEX 1849 19 1 3
Alan_Fernando_Rubio_Fierros MEX 1849 22 1 3
Adam_Nagoudi TUN 1849 20 1 3
Abraham_Asaba GHA 1849 23 1 3
Yash_Chaurasia IND 1923 19 1 4
Wulfrano_Martinez_Mora_Esdras MEX 1923 19 1 4
Tom_Schonenberg GER 1923 29 1 4
Tiago_Torres POR 1923 18 1 4
Sylvester_Emmanuel NGR 1923 23 1 4
Stepan_Pecak CZE 1923 20 1 4
Shinnosuke_Hiramatsu JPN 1923 24 1 4
Sherif_Sabry EGY 1923 34 1 4
Sean_Cuenin FRA 1923 17 1 4
Sahil_Gaware IND 1923 23 1 4
Robin_Bertrand FRA 1923 18 1 4
Pietro_Marino ITA 1923 19 1 4
Nicolas_Parizzia SUI 1923 22 1 4
Nevin_Arimilli USA 1923 21 1 4
Moerani_Bouzige AUS 1923 21 1 4
Mili_Poljicak CRO 1923 16 1 4
Max_Wiskandt GER 1923 19 1 4
Lior_Goldenberg ISR 1923 21 1 4
Lautaro_Agustin_Falabella ARG 1923 23 1 4
Ju-Hae_Moon KOR 1923 32 1 4
JanMagnus_Johnson USA 1923 20 1 4
Ioannis_Stergiou GRE 1923 26 1 4
Gui_Gomes USA 1923 23 1 4
Gokul_Suresh IND 1923 24 1 4
Gian_Luca_Tanner SUI 1923 20 1 4
Gabriel_Diallo CAN 1923 19 1 4
Eduard_Vlasceanu ROU 1923 22 1 4
Doru_Junior_Borsan ROU 1923 20 1 4
Dmytro_Kamynin UKR 1923 31 1 4
Denis_Parshutin UKR 1923 21 1 4
David_Vega_Hernandez ESP 1923 26 1 4
David_Barclay AUS 1923 30 1 4
Daniil_Savelev RUS 1923 20 1 4
Daniel_Litvinov RUS 1923 20 1 4
Claudio_Fortuna ITA 1923 30 1 4
Christos_Keisidis GRE 1923 0 1 4
Charles_Force USA 1923 24 1 4
Bingyu_Yu CHN 1923 22 1 4
Bartosz_Wojnar POL 1923 27 1 4
Atharva_Sharma IND 1923 20 1 4
Alexandre_Aubriot FRA 1923 21 1 4
Alec_Deckers NED 1923 20 1 4
Adrian_Barbu ROU 1923 37 1 4
Adam_Bronka AUS 1923 21 1 4
Aaron_Cohen ISR 1923 18 1 4
Yuttana_Charoenphon THA 1968 20 1 5
Yu_Hsiang_Chiu TPE 1968 26 1 5
Tomas_Luis POR 1968 19 1 5
Toby_D._Boyer USA 1968 24 1 5
Tim_Van_Der_Horst NED 1968 25 1 5
Sung_Hun_Kim KOR 1968 25 1 5
Stamatis_Kapiris GRE 1968 21 1 5
Roni_Mikael_Hietaranta FIN 1968 19 1 5
Roee_Benya ISR 1968 21 1 5
Rayane_Oumaouche FRA 1968 23 1 5
Raheel_Manji CAN 1968 23 1 5
Pavel_Verbin RUS 1968 19 1 5
Pavel_Shchaya-Zubrov RUS 1968 26 1 5
Oscar_Gabriel_Ortiz ARG 1968 23 1 5
Natthasith_Kunsuwan THA 1968 21 1 5
Muzingaye_Sibanda ZIM 1968 23 1 5
Mohamad_Gomaa EGY 1968 21 1 5
Mislav_Bosnjak AUS 1968 22 1 5
Mikel_Aranzabal ESP 1968 20 1 5
Luca_Sanchez FRA 1968 22 1 5
Louis_Allen GBR 1968 21 1 5
Lorenzo_Rottoli ITA 1968 19 1 5
Lilian_Breut FRA 1968 24 1 5
Juan_Ignacio_Batalla MEX 1968 0 1 5
Jordi_Walder GER 1968 22 1 5
Joan_Borras ESP 1968 21 1 5
Ivan_Mikhaylyuk RUS 1968 22 1 5
Ioannis_Xilas GRE 1968 19 1 5
Ioannis_Stamoulos GRE 1968 17 1 5
Hugo_Maia POR 1968 20 1 5
Horst_Rieder ITA 1968 23 1 5
Felipe_Santamaria COL 1968 24 1 5
Facundo_Arias_Bisso ARG 1968 22 1 5
Eleftherios_Theodorou GRE 1968 24 1 5
Dominik_Langmajer CZE 1968 21 1 5
Dev_Javia IND 1968 19 1 5
Clement_Larriere FRA 1968 23 1 5
Christopher_Patzanovsky GER 1968 23 1 5
Aleksandr_Braynin UKR 1968 21 1 5
Alan_Postay ARG 1968 24 1 5
Shunsuke_Wakita JPN 2008 25 1 6
Sanetulla_Kutibaev UZB 2008 0 1 6
Samuel_Vincent_Ruggeri ITA 2008 18 1 6
Romain_Faucon BEL 2008 18 1 6
Ran_Amar ISR 2008 21 1 6
Pelle_Boerma GER 2008 24 1 6
Patric_Prinoth ITA 2008 24 1 6
Matt_Kuhar USA 2008 24 1 6
Mariano_Alberto_Hasenkopf GER 2008 20 1 6
Lorenzo_Vatteroni ITA 2008 20 1 6
Jurence_Zosimo_Mendoza PHI 2008 24 1 6
Julien_De_Cuyper FRA 2008 21 1 6
Jorge_Martinez_Martinez ESP 2008 25 1 6
Hao_Yuan_Ng SGP 2008 26 1 6
Gaston_Erhardt ARG 2008 22 1 6
Emmanuel_Luria ISR 2008 22 1 6
Dusan_Rajic SRB 2008 21 1 6
Artsiom_Bardzin BLR 2008 20 1 6
Aron_Hiltzik USA 2008 24 1 6
Andrea_Bessire ITA 2008 21 1 6
Sheng_Hao_Zhou CHN 2028 24 1 7
Sharobiddin_Abzalov UZB 2028 23 1 7
Shamirul_Shahril_Mohd_Adam_Das MAS 2028 20 1 7
Sahar_Simon ISR 2028 20 1 7
Nino_Ehrenschneider GER 2028 20 1 7
Jakob_Johansson-Holm SWE 2028 25 1 7
Francesco_Bessire ITA 2028 27 1 7
Flemming_Peters GER 2028 25 1 7
Felipe_Derdoy ARG 2028 24 1 7
Emmett_Ward_IV USA 2028 25 1 7
Bastien_Presuhn GER 2028 20 1 7
Ondrej_Styler CZE 2039 20 1 8
Michalis_Sakellaridis GRE 2039 20 1 8
Gabriele_Moghini SUI 2039 24 1 8
Carles_Hernandez ESP 2039 19 1 8
Bernardo_Saraiva POR 2039 27 1 8
Berk_Ilkel TUR 2039 19 1 8
Roko_Horvat CRO 2045 20 1 9
Nikolay_Vylegzhanin RUS 2045 20 1 9
Javier_Naser CHI 2045 24 1 9
Giuseppe_Tresca ITA 2045 0 1 9
Georg_Winkler ITA 2045 24 1 9
Bora_Sengul TUR 2045 19 1 9
Quentin_Gueydan FRA 2051 26 1 10
Linus_Frost SWE 2052 25 1 11
Ivar_Jose_Aramburu_Contreras MEX 2052 27 1 11
Ivan_Marrero_Curbelo ESP 2052 22 1 11
Alex_Barrena ARG 2052 18 1 11
Moritz_Trocker ITA 2056 20 1 13
Umut_Akkoyun TUR 2057 20 1 14
Alexis_Boureau FRA 2058 24 1 15

cpu time used to sort the array: 0.126442 seconds.
